<?xml version="1.0" encoding="utf-8"?><testsuites name="pytest tests"><testsuite name="pytest" errors="126" failures="0" skipped="0" tests="126" time="1.655" timestamp="2026-08-21T18:00:36.218820+02:00" hostname="DESKTOP-2S0TDIF"><testcase classname="" name="data._pytest_tmp.bt_ask" time="0.000"><error message="collection failure">E   PermissionError: [WinError 5] Access is denied: 'C:\\Users\\Nikita\\Desktop\\gitProjects\\Expense-Tracker-Consumer-Edition\\data\\_pytest_tmp\\bt_ask'</error></testcase><testcase classname="" name="data._pytest_tmp.bt_combined" time="0.000"><error message="collection failure">E   PermissionError: [WinError 5] Access is denied: 'C:\\Users\\Nikita\\Desktop\\gitProjects\\Expense-Tracker-Consumer-Edition\\data\\_pytest_tmp\\bt_combined'</error></testcase><testcase classname="" name="data._pytest_tmp.expense_tracker_tests_008a5328.pytest_runtime.tmprm5ik_ar" time="0.000"><error message="collection failure">E   PermissionError: [WinError 5] Access is denied: 'C:\\Users\\Nikita\\Desktop\\gitProjects\\Expense-Tracker-Consumer-Edition\\data\\_pytest_tmp\\expense_tracker_tests_008a5328\\pytest_runtime\\tmprm5ik_ar'</error></testcase><testcase classname="" name="data._pytest_tmp.expense_tracker_tests_05d213b3.pytest_runtime.tmpxidap6xi" time="0.000"><error message="collection failure">E   PermissionError: [WinError 5] Access is denied: 'C:\\Users\\Nikita\\Desktop\\gitProjects\\Expense-Tracker-Consumer-Edition\\data\\_pytest_tmp\\expense_tracker_tests_05d213b3\\pytest_runtime\\tmpxidap6xi'</error></testcase><testcase classname="" name="data._pytest_tmp.expense_tracker_tests_0bc423c9.pytest_runtime.tmptwt3jnly" time="0.000"><error message="collection failure">E   PermissionError: [WinError 5] Access is denied: 'C:\\Users\\Nikita\\Desktop\\gitProjects\\Expense-Tracker-Consumer-Edition\\data\\_pytest_tmp\\expense_tracker_tests_0bc423c9\\pytest_runtime\\tmptwt3jnly'</error></testcase><testcase classname="" name="data._pytest_tmp.expense_tracker_tests_11357a49.pytest_runtime.gh_backup_tests_0mz1ww23" time="0.000"><error message="collection failure">E   PermissionError: [WinError 5] Access is denied: 'C:\\Users\\Nikita\\Desktop\\gitProjects\\Expense-Tracker-Consumer-Edition\\data\\_pytest_tmp\\expense_tracker_tests_11357a49\\pytest_runtime\\gh_backup_tests_0mz1ww23'</error></testcase><testcase classname="" name="data._pytest_tmp.expense_tracker_tests_11357a49.pytest_runtime.gh_backup_tests_l9ppn1fe" time="0.000"><error message="collection failure">E   PermissionError: [WinError 5] Access is denied: 'C:\\Users\\Nikita\\Desktop\\gitProjects\\Expense-Tracker-Consumer-Edition\\data\\_pytest_tmp\\expense_tracker_tests_11357a49\\pytest_runtime\\gh_backup_tests_l9ppn1fe'</error></testcase><testcase classname="" name="data._pytest_tmp.expense_tracker_tests_11357a49.pytest_runtime.gh_backup_tests_odx437a5" time="0.000"><error message="collection failure">E   PermissionError: [WinError 5] Access is denied: 'C:\\Users\\Nikita\\Desktop\\gitProjects\\Expense-Tracker-Consumer-Edition\\data\\_pytest_tmp\\expense_tracker_tests_11357a49\\pytest_runtime\\gh_backup_tests_odx437a5'</error></testcase><testcase classname="" name="data._pytest_tmp.expense_tracker_tests_11357a49.pytest_runtime.gh_backup_tests_qitt_96h" time="0.000"><error message="collection failure">E   PermissionError: [WinError 5] Access is denied: 'C:\\Users\\Nikita\\Desktop\\gitProjects\\Expense-Tracker-Consumer-Edition\\data\\_pytest_tmp\\expense_tracker_tests_11357a49\\pytest_runtime\\gh_backup_tests_qitt_96h'</error></testcase><testcase classname="" name="data._pytest_tmp.expense_tracker_tests_11357a49.pytest_runtime.pytest-of-Nikita" time="0.000"><error message="collection failure">E   PermissionError: [WinError 5] Access is denied: 'C:\\Users\\Nikita\\Desktop\\gitProjects\\Expense-Tracker-Consumer-Edition\\data\\_pytest_tmp\\expense_tracker_tests_11357a49\\pytest_runtime\\pytest-of-Nikita'</error></testcase><testcase classname="" name="data._pytest_tmp.expense_tracker_tests_11357a49.pytest_runtime.tmpsmb0m57j" time="0.000"><error message="collection failure">E   PermissionError: [WinError 5] Access is denied: 'C:\\Users\\Nikita\\Desktop\\gitProjects\\Expense-Tracker-Consumer-Edition\\data\\_pytest_tmp\\expense_tracker_tests_11357a49\\pytest_runtime\\tmpsmb0m57j'</error></testcase><testcase classname="" name="data._pytest_tmp.expense_tracker_tests_186c6954.pytest_runtime.tmpfhsbd9l4" time="0.000"><error message="collection failure">E   PermissionError: [WinError 5] Access is denied: 'C:\\Users\\Nikita\\Desktop\\gitProjects\\Expense-Tracker-Consumer-Edition\\data\\_pytest_tmp\\expense_tracker_tests_186c6954\\pytest_runtime\\tmpfhsbd9l4'</error></testcase><testcase classname="" name="data._pytest_tmp.expense_tracker_tests_1b3408be.pytest_runtime.tmp3hvry2y_" time="0.000"><error message="collection failure">E   PermissionError: [WinError 5] Access is denied: 'C:\\Users\\Nikita\\Desktop\\gitProjects\\Expense-Tracker-Consumer-Edition\\data\\_pytest_tmp\\expense_tracker_tests_1b3408be\\pytest_runtime\\tmp3hvry2y_'</error></testcase><testcase classname="" name="data._pytest_tmp.expense_tracker_tests_1c690233.pytest_runtime.tmpj9wk0pca" time="0.000"><error message="collection failure">E   PermissionError: [WinError 5] Access is denied: 'C:\\Users\\Nikita\\Desktop\\gitProjects\\Expense-Tracker-Consumer-Edition\\data\\_pytest_tmp\\expense_tracker_tests_1c690233\\pytest_runtime\\tmpj9wk0pca'</error></testcase><testcase classname="" name="data._pytest_tmp.expense_tracker_tests_1d9941b5.pytest_runtime.gh_backup_tests_25u_irvb" time="0.000"><error message="collection failure">E   PermissionError: [WinError 5] Access is denied: 'C:\\Users\\Nikita\\Desktop\\gitProjects\\Expense-Tracker-Consumer-Edition\\data\\_pytest_tmp\\expense_tracker_tests_1d9941b5\\pytest_runtime\\gh_backup_tests_25u_irvb'</error></testcase><testcase classname="" name="data._pytest_tmp.expense_tracker_tests_1d9941b5.pytest_runtime.gh_backup_tests_bw4z2s_n" time="0.000"><error message="collection failure">E   PermissionError: [WinError 5] Access is denied: 'C:\\Users\\Nikita\\Desktop\\gitProjects\\Expense-Tracker-Consumer-Edition\\data\\_pytest_tmp\\expense_tracker_tests_1d9941b5\\pytest_runtime\\gh_backup_tests_bw4z2s_n'</error></testcase><testcase classname="" name="data._pytest_tmp.expense_tracker_tests_1d9941b5.pytest_runtime.gh_backup_tests_pihpce9q" time="0.000"><error message="collection failure">E   PermissionError: [WinError 5] Access is denied: 'C:\\Users\\Nikita\\Desktop\\gitProjects\\Expense-Tracker-Consumer-Edition\\data\\_pytest_tmp\\expense_tracker_tests_1d9941b5\\pytest_runtime\\gh_backup_tests_pihpce9q'</error></testcase><testcase classname="" name="data._pytest_tmp.expense_tracker_tests_1d9941b5.pytest_runtime.gh_backup_tests_qryg1r8d" time="0.000"><error message="collection failure">E   PermissionError: [WinError 5] Access is denied: 'C:\\Users\\Nikita\\Desktop\\gitProjects\\Expense-Tracker-Consumer-Edition\\data\\_pytest_tmp\\expense_tracker_tests_1d9941b5\\pytest_runtime\\gh_backup_tests_qryg1r8d'</error></testcase><testcase classname="" name="data._pytest_tmp.expense_tracker_tests_1d9941b5.pytest_runtime.pytest-of-Nikita" time="0.000"><error message="collection failure">E   PermissionError: [WinError 5] Access is denied: 'C:\\Users\\Nikita\\Desktop\\gitProjects\\Expense-Tracker-Consumer-Edition\\data\\_pytest_tmp\\expense_tracker_tests_1d9941b5\\pytest_runtime\\pytest-of-Nikita'</error></testcase><testcase classname="" name="data._pytest_tmp.expense_tracker_tests_1d9941b5.pytest_runtime.tmp1bh3ofnc" time="0.000"><error message="collection failure">E   PermissionError: [WinError 5] Access is denied: 'C:\\Users\\Nikita\\Desktop\\gitProjects\\Expense-Tracker-Consumer-Edition\\data\\_pytest_tmp\\expense_tracker_tests_1d9941b5\\pytest_runtime\\tmp1bh3ofnc'</error></testcase><testcase classname="" name="data._pytest_tmp.expense_tracker_tests_21e50b13.pytest_runtime.tmpgy4eqil5" time="0.000"><error message="collection failure">E   PermissionError: [WinError 5] Access is denied: 'C:\\Users\\Nikita\\Desktop\\gitProjects\\Expense-Tracker-Consumer-Edition\\data\\_pytest_tmp\\expense_tracker_tests_21e50b13\\pytest_runtime\\tmpgy4eqil5'</error></testcase><testcase classname="" name="data._pytest_tmp.expense_tracker_tests_25cdb9bf.pytest_runtime.tmp7rm9c53t" time="0.000"><error message="collection failure">E   PermissionError: [WinError 5] Access is denied: 'C:\\Users\\Nikita\\Desktop\\gitProjects\\Expense-Tracker-Consumer-Edition\\data\\_pytest_tmp\\expense_tracker_tests_25cdb9bf\\pytest_runtime\\tmp7rm9c53t'</error></testcase><testcase classname="" name="data._pytest_tmp.expense_tracker_tests_29fb4b22.pytest_runtime.gh_backup_tests_6fkprxf5" time="0.000"><error message="collection failure">E   PermissionError: [WinError 5] Access is denied: 'C:\\Users\\Nikita\\Desktop\\gitProjects\\Expense-Tracker-Consumer-Edition\\data\\_pytest_tmp\\expense_tracker_tests_29fb4b22\\pytest_runtime\\gh_backup_tests_6fkprxf5'</error></testcase><testcase classname="" name="data._pytest_tmp.expense_tracker_tests_29fb4b22.pytest_runtime.tmp5wrdiwfb" time="0.000"><error message="collection failure">E   PermissionError: [WinError 5] Access is denied: 'C:\\Users\\Nikita\\Desktop\\gitProjects\\Expense-Tracker-Consumer-Edition\\data\\_pytest_tmp\\expense_tracker_tests_29fb4b22\\pytest_runtime\\tmp5wrdiwfb'</error></testcase><testcase classname="" name="data._pytest_tmp.expense_tracker_tests_2c096626.pytest_runtime.tmpf4538ldf" time="0.000"><error message="collection failure">E   PermissionError: [WinError 5] Access is denied: 'C:\\Users\\Nikita\\Desktop\\gitProjects\\Expense-Tracker-Consumer-Edition\\data\\_pytest_tmp\\expense_tracker_tests_2c096626\\pytest_runtime\\tmpf4538ldf'</error></testcase><testcase classname="" name="data._pytest_tmp.expense_tracker_tests_2c1ef050.pytest_runtime.pytest-of-Nikita" time="0.000"><error message="collection failure">E   PermissionError: [WinError 5] Access is denied: 'C:\\Users\\Nikita\\Desktop\\gitProjects\\Expense-Tracker-Consumer-Edition\\data\\_pytest_tmp\\expense_tracker_tests_2c1ef050\\pytest_runtime\\pytest-of-Nikita'</error></testcase><testcase classname="" name="data._pytest_tmp.expense_tracker_tests_2f443ff6.pytest_runtime.tmpujap1taf" time="0.000"><error message="collection failure">E   PermissionError: [WinError 5] Access is denied: 'C:\\Users\\Nikita\\Desktop\\gitProjects\\Expense-Tracker-Consumer-Edition\\data\\_pytest_tmp\\expense_tracker_tests_2f443ff6\\pytest_runtime\\tmpujap1taf'</error></testcase><testcase classname="" name="data._pytest_tmp.expense_tracker_tests_3d11d52e.pytest_runtime.pytest-of-Nikita" time="0.000"><error message="collection failure">E   PermissionError: [WinError 5] Access is denied: 'C:\\Users\\Nikita\\Desktop\\gitProjects\\Expense-Tracker-Consumer-Edition\\data\\_pytest_tmp\\expense_tracker_tests_3d11d52e\\pytest_runtime\\pytest-of-Nikita'</error></testcase><testcase classname="" name="data._pytest_tmp.expense_tracker_tests_3d11d52e.pytest_runtime.tmpahgh3tbf" time="0.000"><error message="collection failure">E   PermissionError: [WinError 5] Access is denied: 'C:\\Users\\Nikita\\Desktop\\gitProjects\\Expense-Tracker-Consumer-Edition\\data\\_pytest_tmp\\expense_tracker_tests_3d11d52e\\pytest_runtime\\tmpahgh3tbf'</error></testcase><testcase classname="" name="data._pytest_tmp.expense_tracker_tests_3d51c985.pytest_runtime.pytest-of-Nikita" time="0.000"><error message="collection failure">E   PermissionError: [WinError 5] Access is denied: 'C:\\Users\\Nikita\\Desktop\\gitProjects\\Expense-Tracker-Consumer-Edition\\data\\_pytest_tmp\\expense_tracker_tests_3d51c985\\pytest_runtime\\pytest-of-Nikita'</error></testcase><testcase classname="" name="data._pytest_tmp.expense_tracker_tests_3d51c985.pytest_runtime.tmp69uac2h5" time="0.000"><error message="collection failure">E   PermissionError: [WinError 5] Access is denied: 'C:\\Users\\Nikita\\Desktop\\gitProjects\\Expense-Tracker-Consumer-Edition\\data\\_pytest_tmp\\expense_tracker_tests_3d51c985\\pytest_runtime\\tmp69uac2h5'</error></testcase><testcase classname="" name="data._pytest_tmp.expense_tracker_tests_3eb93aec.pytest_runtime.tmp0xlogkr5" time="0.000"><error message="collection failure">E   PermissionError: [WinError 5] Access is denied: 'C:\\Users\\Nikita\\Desktop\\gitProjects\\Expense-Tracker-Consumer-Edition\\data\\_pytest_tmp\\expense_tracker_tests_3eb93aec\\pytest_runtime\\tmp0xlogkr5'</error></testcase><testcase classname="" name="data._pytest_tmp.expense_tracker_tests_4010e957.pytest_runtime.tmpg4sss_2b" time="0.000"><error message="collection failure">E   PermissionError: [WinError 5] Access is denied: 'C:\\Users\\Nikita\\Desktop\\gitProjects\\Expense-Tracker-Consumer-Edition\\data\\_pytest_tmp\\expense_tracker_tests_4010e957\\pytest_runtime\\tmpg4sss_2b'</error></testcase><testcase classname="" name="data._pytest_tmp.expense_tracker_tests_422a5d8f.pytest_runtime.pytest-of-Nikita" time="0.000"><error message="collection failure">E   PermissionError: [WinError 5] Access is denied: 'C:\\Users\\Nikita\\Desktop\\gitProjects\\Expense-Tracker-Consumer-Edition\\data\\_pytest_tmp\\expense_tracker_tests_422a5d8f\\pytest_runtime\\pytest-of-Nikita'</error></testcase><testcase classname="" name="data._pytest_tmp.expense_tracker_tests_42d68675.pytest_runtime.gh_backup_tests_lqn0wohl" time="0.000"><error message="collection failure">E   PermissionError: [WinError 5] Access is denied: 'C:\\Users\\Nikita\\Desktop\\gitProjects\\Expense-Tracker-Consumer-Edition\\data\\_pytest_tmp\\expense_tracker_tests_42d68675\\pytest_runtime\\gh_backup_tests_lqn0wohl'</error></testcase><testcase classname="" name="data._pytest_tmp.expense_tracker_tests_42d68675.pytest_runtime.gh_backup_tests_m5hsbpbl" time="0.000"><error message="collection failure">E   PermissionError: [WinError 5] Access is denied: 'C:\\Users\\Nikita\\Desktop\\gitProjects\\Expense-Tracker-Consumer-Edition\\data\\_pytest_tmp\\expense_tracker_tests_42d68675\\pytest_runtime\\gh_backup_tests_m5hsbpbl'</error></testcase><testcase classname="" name="data._pytest_tmp.expense_tracker_tests_42d68675.pytest_runtime.gh_backup_tests_owobb2tv" time="0.000"><error message="collection failure">E   PermissionError: [WinError 5] Access is denied: 'C:\\Users\\Nikita\\Desktop\\gitProjects\\Expense-Tracker-Consumer-Edition\\data\\_pytest_tmp\\expense_tracker_tests_42d68675\\pytest_runtime\\gh_backup_tests_owobb2tv'</error></testcase><testcase classname="" name="data._pytest_tmp.expense_tracker_tests_42d68675.pytest_runtime.gh_backup_tests_p4p2nmo8" time="0.000"><error message="collection failure">E   PermissionError: [WinError 5] Access is denied: 'C:\\Users\\Nikita\\Desktop\\gitProjects\\Expense-Tracker-Consumer-Edition\\data\\_pytest_tmp\\expense_tracker_tests_42d68675\\pytest_runtime\\gh_backup_tests_p4p2nmo8'</error></testcase><testcase classname="" name="data._pytest_tmp.expense_tracker_tests_42d68675.pytest_runtime.gh_backup_tests_v9xnmh2o" time="0.000"><error message="collection failure">E   PermissionError: [WinError 5] Access is denied: 'C:\\Users\\Nikita\\Desktop\\gitProjects\\Expense-Tracker-Consumer-Edition\\data\\_pytest_tmp\\expense_tracker_tests_42d68675\\pytest_runtime\\gh_backup_tests_v9xnmh2o'</error></testcase><testcase classname="" name="data._pytest_tmp.expense_tracker_tests_42d68675.pytest_runtime.pytest-of-Nikita" time="0.000"><error message="collection failure">E   PermissionError: [WinError 5] Access is denied: 'C:\\Users\\Nikita\\Desktop\\gitProjects\\Expense-Tracker-Consumer-Edition\\data\\_pytest_tmp\\expense_tracker_tests_42d68675\\pytest_runtime\\pytest-of-Nikita'</error></testcase><testcase classname="" name="data._pytest_tmp.expense_tracker_tests_4a320025.pytest_runtime.tmpbh8a5tgy" time="0.000"><error message="collection failure">E   PermissionError: [WinError 5] Access is denied: 'C:\\Users\\Nikita\\Desktop\\gitProjects\\Expense-Tracker-Consumer-Edition\\data\\_pytest_tmp\\expense_tracker_tests_4a320025\\pytest_runtime\\tmpbh8a5tgy'</error></testcase><testcase classname="" name="data._pytest_tmp.expense_tracker_tests_530d020e.pytest_runtime.pytest-of-Nikita" time="0.000"><error message="collection failure">E   PermissionError: [WinError 5] Access is denied: 'C:\\Users\\Nikita\\Desktop\\gitProjects\\Expense-Tracker-Consumer-Edition\\data\\_pytest_tmp\\expense_tracker_tests_530d020e\\pytest_runtime\\pytest-of-Nikita'</error></testcase><testcase classname="" name="data._pytest_tmp.expense_tracker_tests_53dc29d3.pytest_runtime.gh_backup_tests_jgflcvu1" time="0.000"><error message="collection failure">E   PermissionError: [WinError 5] Access is denied: 'C:\\Users\\Nikita\\Desktop\\gitProjects\\Expense-Tracker-Consumer-Edition\\data\\_pytest_tmp\\expense_tracker_tests_53dc29d3\\pytest_runtime\\gh_backup_tests_jgflcvu1'</error></testcase><testcase classname="" name="data._pytest_tmp.expense_tracker_tests_53dc29d3.pytest_runtime.gh_backup_tests_qzmyytoe" time="0.000"><error message="collection failure">E   PermissionError: [WinError 5] Access is denied: 'C:\\Users\\Nikita\\Desktop\\gitProjects\\Expense-Tracker-Consumer-Edition\\data\\_pytest_tmp\\expense_tracker_tests_53dc29d3\\pytest_runtime\\gh_backup_tests_qzmyytoe'</error></testcase><testcase classname="" name="data._pytest_tmp.expense_tracker_tests_53dc29d3.pytest_runtime.gh_backup_tests_rry_hx2n" time="0.000"><error message="collection failure">E   PermissionError: [WinError 5] Access is denied: 'C:\\Users\\Nikita\\Desktop\\gitProjects\\Expense-Tracker-Consumer-Edition\\data\\_pytest_tmp\\expense_tracker_tests_53dc29d3\\pytest_runtime\\gh_backup_tests_rry_hx2n'</error></testcase><testcase classname="" name="data._pytest_tmp.expense_tracker_tests_53dc29d3.pytest_runtime.gh_backup_tests_xvh_hw4f" time="0.000"><error message="collection failure">E   PermissionError: [WinError 5] Access is denied: 'C:\\Users\\Nikita\\Desktop\\gitProjects\\Expense-Tracker-Consumer-Edition\\data\\_pytest_tmp\\expense_tracker_tests_53dc29d3\\pytest_runtime\\gh_backup_tests_xvh_hw4f'</error></testcase><testcase classname="" name="data._pytest_tmp.expense_tracker_tests_53dc29d3.pytest_runtime.pytest-of-Nikita" time="0.000"><error message="collection failure">E   PermissionError: [WinError 5] Access is denied: 'C:\\Users\\Nikita\\Desktop\\gitProjects\\Expense-Tracker-Consumer-Edition\\data\\_pytest_tmp\\expense_tracker_tests_53dc29d3\\pytest_runtime\\pytest-of-Nikita'</error></testcase><testcase classname="" name="data._pytest_tmp.expense_tracker_tests_53dc29d3.pytest_runtime.tmpzq4br7ur" time="0.000"><error message="collection failure">E   PermissionError: [WinError 5] Access is denied: 'C:\\Users\\Nikita\\Desktop\\gitProjects\\Expense-Tracker-Consumer-Edition\\data\\_pytest_tmp\\expense_tracker_tests_53dc29d3\\pytest_runtime\\tmpzq4br7ur'</error></testcase><testcase classname="" name="data._pytest_tmp.expense_tracker_tests_556cac75.pytest_runtime.tmptaur5hle" time="0.000"><error message="collection failure">E   PermissionError: [WinError 5] Access is denied: 'C:\\Users\\Nikita\\Desktop\\gitProjects\\Expense-Tracker-Consumer-Edition\\data\\_pytest_tmp\\expense_tracker_tests_556cac75\\pytest_runtime\\tmptaur5hle'</error></testcase><testcase classname="" name="data._pytest_tmp.expense_tracker_tests_59d1efd9.pytest_runtime.tmpjcaabxop" time="0.000"><error message="collection failure">E   PermissionError: [WinError 5] Access is denied: 'C:\\Users\\Nikita\\Desktop\\gitProjects\\Expense-Tracker-Consumer-Edition\\data\\_pytest_tmp\\expense_tracker_tests_59d1efd9\\pytest_runtime\\tmpjcaabxop'</error></testcase><testcase classname="" name="data._pytest_tmp.expense_tracker_tests_6638a526.pytest_runtime.tmp2q14x6k8" time="0.000"><error message="collection failure">E   PermissionError: [WinError 5] Access is denied: 'C:\\Users\\Nikita\\Desktop\\gitProjects\\Expense-Tracker-Consumer-Edition\\data\\_pytest_tmp\\expense_tracker_tests_6638a526\\pytest_runtime\\tmp2q14x6k8'</error></testcase><testcase classname="" name="data._pytest_tmp.expense_tracker_tests_677d6b2c.pytest_runtime.tmpa1g0ldjh" time="0.000"><error message="collection failure">E   PermissionError: [WinError 5] Access is denied: 'C:\\Users\\Nikita\\Desktop\\gitProjects\\Expense-Tracker-Consumer-Edition\\data\\_pytest_tmp\\expense_tracker_tests_677d6b2c\\pytest_runtime\\tmpa1g0ldjh'</error></testcase><testcase classname="" name="data._pytest_tmp.expense_tracker_tests_725cf7a4.pytest_runtime.tmpp752kwx8" time="0.000"><error message="collection failure">E   PermissionError: [WinError 5] Access is denied: 'C:\\Users\\Nikita\\Desktop\\gitProjects\\Expense-Tracker-Consumer-Edition\\data\\_pytest_tmp\\expense_tracker_tests_725cf7a4\\pytest_runtime\\tmpp752kwx8'</error></testcase><testcase classname="" name="data._pytest_tmp.expense_tracker_tests_7b4ba5fb.pytest_runtime.pytest-of-Nikita" time="0.000"><error message="collection failure">E   PermissionError: [WinError 5] Access is denied: 'C:\\Users\\Nikita\\Desktop\\gitProjects\\Expense-Tracker-Consumer-Edition\\data\\_pytest_tmp\\expense_tracker_tests_7b4ba5fb\\pytest_runtime\\pytest-of-Nikita'</error></testcase><testcase classname="" name="data._pytest_tmp.expense_tracker_tests_7b79f7d7.pytest_runtime.pytest-of-Nikita" time="0.000"><error message="collection failure">E   PermissionError: [WinError 5] Access is denied: 'C:\\Users\\Nikita\\Desktop\\gitProjects\\Expense-Tracker-Consumer-Edition\\data\\_pytest_tmp\\expense_tracker_tests_7b79f7d7\\pytest_runtime\\pytest-of-Nikita'</error></testcase><testcase classname="" name="data._pytest_tmp.expense_tracker_tests_7e220384.pytest_runtime.tmppy3t8j58" time="0.000"><error message="collection failure">E   PermissionError: [WinError 5] Access is denied: 'C:\\Users\\Nikita\\Desktop\\gitProjects\\Expense-Tracker-Consumer-Edition\\data\\_pytest_tmp\\expense_tracker_tests_7e220384\\pytest_runtime\\tmppy3t8j58'</error></testcase><testcase classname="" name="data._pytest_tmp.expense_tracker_tests_81add9b2.pytest_runtime.tmpzd7h7fjv" time="0.000"><error message="collection failure">E   PermissionError: [WinError 5] Access is denied: 'C:\\Users\\Nikita\\Desktop\\gitProjects\\Expense-Tracker-Consumer-Edition\\data\\_pytest_tmp\\expense_tracker_tests_81add9b2\\pytest_runtime\\tmpzd7h7fjv'</error></testcase><testcase classname="" name="data._pytest_tmp.expense_tracker_tests_8880eb47.pytest_runtime.tmpxxnrbl9p" time="0.000"><error message="collection failure">E   PermissionError: [WinError 5] Access is denied: 'C:\\Users\\Nikita\\Desktop\\gitProjects\\Expense-Tracker-Consumer-Edition\\data\\_pytest_tmp\\expense_tracker_tests_8880eb47\\pytest_runtime\\tmpxxnrbl9p'</error></testcase><testcase classname="" name="data._pytest_tmp.expense_tracker_tests_8a198737.pytest_runtime.tmpaegpdml4" time="0.000"><error message="collection failure">E   PermissionError: [WinError 5] Access is denied: 'C:\\Users\\Nikita\\Desktop\\gitProjects\\Expense-Tracker-Consumer-Edition\\data\\_pytest_tmp\\expense_tracker_tests_8a198737\\pytest_runtime\\tmpaegpdml4'</error></testcase><testcase classname="" name="data._pytest_tmp.expense_tracker_tests_91c41541.pytest_runtime.tmpeh60oa08" time="0.000"><error message="collection failure">E   PermissionError: [WinError 5] Access is denied: 'C:\\Users\\Nikita\\Desktop\\gitProjects\\Expense-Tracker-Consumer-Edition\\data\\_pytest_tmp\\expense_tracker_tests_91c41541\\pytest_runtime\\tmpeh60oa08'</error></testcase><testcase classname="" name="data._pytest_tmp.expense_tracker_tests_922db61d.pytest_runtime.pytest-of-Nikita" time="0.000"><error message="collection failure">E   PermissionError: [WinError 5] Access is denied: 'C:\\Users\\Nikita\\Desktop\\gitProjects\\Expense-Tracker-Consumer-Edition\\data\\_pytest_tmp\\expense_tracker_tests_922db61d\\pytest_runtime\\pytest-of-Nikita'</error></testcase><testcase classname="" name="data._pytest_tmp.expense_tracker_tests_92adeb24.pytest_runtime.tmpfsfdzez6" time="0.000"><error message="collection failure">E   PermissionError: [WinError 5] Access is denied: 'C:\\Users\\Nikita\\Desktop\\gitProjects\\Expense-Tracker-Consumer-Edition\\data\\_pytest_tmp\\expense_tracker_tests_92adeb24\\pytest_runtime\\tmpfsfdzez6'</error></testcase><testcase classname="" name="data._pytest_tmp.expense_tracker_tests_962d98c2.pytest_runtime.tmp8aafjtn_" time="0.000"><error message="collection failure">E   PermissionError: [WinError 5] Access is denied: 'C:\\Users\\Nikita\\Desktop\\gitProjects\\Expense-Tracker-Consumer-Edition\\data\\_pytest_tmp\\expense_tracker_tests_962d98c2\\pytest_runtime\\tmp8aafjtn_'</error></testcase><testcase classname="" name="data._pytest_tmp.expense_tracker_tests_9c161d30.pytest_runtime.tmp7_mcdogu" time="0.000"><error message="collection failure">E   PermissionError: [WinError 5] Access is denied: 'C:\\Users\\Nikita\\Desktop\\gitProjects\\Expense-Tracker-Consumer-Edition\\data\\_pytest_tmp\\expense_tracker_tests_9c161d30\\pytest_runtime\\tmp7_mcdogu'</error></testcase><testcase classname="" name="data._pytest_tmp.expense_tracker_tests_9c79cebd.pytest_runtime.pytest-of-Nikita" time="0.000"><error message="collection failure">E   PermissionError: [WinError 5] Access is denied: 'C:\\Users\\Nikita\\Desktop\\gitProjects\\Expense-Tracker-Consumer-Edition\\data\\_pytest_tmp\\expense_tracker_tests_9c79cebd\\pytest_runtime\\pytest-of-Nikita'</error></testcase><testcase classname="" name="data._pytest_tmp.expense_tracker_tests_a228fbde.pytest_runtime.pytest-of-Nikita" time="0.000"><error message="collection failure">E   PermissionError: [WinError 5] Access is denied: 'C:\\Users\\Nikita\\Desktop\\gitProjects\\Expense-Tracker-Consumer-Edition\\data\\_pytest_tmp\\expense_tracker_tests_a228fbde\\pytest_runtime\\pytest-of-Nikita'</error></testcase><testcase classname="" name="data._pytest_tmp.expense_tracker_tests_a228fbde.pytest_runtime.tmpy988khmj" time="0.000"><error message="collection failure">E   PermissionError: [WinError 5] Access is denied: 'C:\\Users\\Nikita\\Desktop\\gitProjects\\Expense-Tracker-Consumer-Edition\\data\\_pytest_tmp\\expense_tracker_tests_a228fbde\\pytest_runtime\\tmpy988khmj'</error></testcase><testcase classname="" name="data._pytest_tmp.expense_tracker_tests_a42701ce.pytest_runtime.pytest-of-Nikita" time="0.000"><error message="collection failure">E   PermissionError: [WinError 5] Access is denied: 'C:\\Users\\Nikita\\Desktop\\gitProjects\\Expense-Tracker-Consumer-Edition\\data\\_pytest_tmp\\expense_tracker_tests_a42701ce\\pytest_runtime\\pytest-of-Nikita'</error></testcase><testcase classname="" name="data._pytest_tmp.expense_tracker_tests_a5e2552f.pytest_runtime.tmpivvr6q9e" time="0.000"><error message="collection failure">E   PermissionError: [WinError 5] Access is denied: 'C:\\Users\\Nikita\\Desktop\\gitProjects\\Expense-Tracker-Consumer-Edition\\data\\_pytest_tmp\\expense_tracker_tests_a5e2552f\\pytest_runtime\\tmpivvr6q9e'</error></testcase><testcase classname="" name="data._pytest_tmp.expense_tracker_tests_ac25c871.pytest_runtime.gh_backup_tests_04i40xeb" time="0.000"><error message="collection failure">E   PermissionError: [WinError 5] Access is denied: 'C:\\Users\\Nikita\\Desktop\\gitProjects\\Expense-Tracker-Consumer-Edition\\data\\_pytest_tmp\\expense_tracker_tests_ac25c871\\pytest_runtime\\gh_backup_tests_04i40xeb'</error></testcase><testcase classname="" name="data._pytest_tmp.expense_tracker_tests_ac25c871.pytest_runtime.gh_backup_tests_6tngl8h9" time="0.000"><error message="collection failure">E   PermissionError: [WinError 5] Access is denied: 'C:\\Users\\Nikita\\Desktop\\gitProjects\\Expense-Tracker-Consumer-Edition\\data\\_pytest_tmp\\expense_tracker_tests_ac25c871\\pytest_runtime\\gh_backup_tests_6tngl8h9'</error></testcase><testcase classname="" name="data._pytest_tmp.expense_tracker_tests_ac25c871.pytest_runtime.gh_backup_tests_9ad1ms70" time="0.000"><error message="collection failure">E   PermissionError: [WinError 5] Access is denied: 'C:\\Users\\Nikita\\Desktop\\gitProjects\\Expense-Tracker-Consumer-Edition\\data\\_pytest_tmp\\expense_tracker_tests_ac25c871\\pytest_runtime\\gh_backup_tests_9ad1ms70'</error></testcase><testcase classname="" name="data._pytest_tmp.expense_tracker_tests_ac25c871.pytest_runtime.gh_backup_tests_advmagqy" time="0.000"><error message="collection failure">E   PermissionError: [WinError 5] Access is denied: 'C:\\Users\\Nikita\\Desktop\\gitProjects\\Expense-Tracker-Consumer-Edition\\data\\_pytest_tmp\\expense_tracker_tests_ac25c871\\pytest_runtime\\gh_backup_tests_advmagqy'</error></testcase><testcase classname="" name="data._pytest_tmp.expense_tracker_tests_ac25c871.pytest_runtime.gh_backup_tests_c37r5m68" time="0.000"><error message="collection failure">E   PermissionError: [WinError 5] Access is denied: 'C:\\Users\\Nikita\\Desktop\\gitProjects\\Expense-Tracker-Consumer-Edition\\data\\_pytest_tmp\\expense_tracker_tests_ac25c871\\pytest_runtime\\gh_backup_tests_c37r5m68'</error></testcase><testcase classname="" name="data._pytest_tmp.expense_tracker_tests_ac25c871.pytest_runtime.pytest-of-Nikita" time="0.000"><error message="collection failure">E   PermissionError: [WinError 5] Access is denied: 'C:\\Users\\Nikita\\Desktop\\gitProjects\\Expense-Tracker-Consumer-Edition\\data\\_pytest_tmp\\expense_tracker_tests_ac25c871\\pytest_runtime\\pytest-of-Nikita'</error></testcase><testcase classname="" name="data._pytest_tmp.expense_tracker_tests_b00c47cb.pytest_runtime.tmpqru8g_el" time="0.000"><error message="collection failure">E   PermissionError: [WinError 5] Access is denied: 'C:\\Users\\Nikita\\Desktop\\gitProjects\\Expense-Tracker-Consumer-Edition\\data\\_pytest_tmp\\expense_tracker_tests_b00c47cb\\pytest_runtime\\tmpqru8g_el'</error></testcase><testcase classname="" name="data._pytest_tmp.expense_tracker_tests_b6548841.pytest_runtime.pytest-of-Nikita" time="0.000"><error message="collection failure">E   PermissionError: [WinError 5] Access is denied: 'C:\\Users\\Nikita\\Desktop\\gitProjects\\Expense-Tracker-Consumer-Edition\\data\\_pytest_tmp\\expense_tracker_tests_b6548841\\pytest_runtime\\pytest-of-Nikita'</error></testcase><testcase classname="" name="data._pytest_tmp.expense_tracker_tests_b6548841.pytest_runtime.tmpe07pah2n" time="0.000"><error message="collection failure">E   PermissionError: [WinError 5] Access is denied: 'C:\\Users\\Nikita\\Desktop\\gitProjects\\Expense-Tracker-Consumer-Edition\\data\\_pytest_tmp\\expense_tracker_tests_b6548841\\pytest_runtime\\tmpe07pah2n'</error></testcase><testcase classname="" name="data._pytest_tmp.expense_tracker_tests_c132cb82.pytest_runtime.tmpn25lu4jh" time="0.000"><error message="collection failure">E   PermissionError: [WinError 5] Access is denied: 'C:\\Users\\Nikita\\Desktop\\gitProjects\\Expense-Tracker-Consumer-Edition\\data\\_pytest_tmp\\expense_tracker_tests_c132cb82\\pytest_runtime\\tmpn25lu4jh'</error></testcase><testcase classname="" name="data._pytest_tmp.expense_tracker_tests_c3af5a16.pytest_runtime.tmpxemf23f2" time="0.000"><error message="collection failure">E   PermissionError: [WinError 5] Access is denied: 'C:\\Users\\Nikita\\Desktop\\gitProjects\\Expense-Tracker-Consumer-Edition\\data\\_pytest_tmp\\expense_tracker_tests_c3af5a16\\pytest_runtime\\tmpxemf23f2'</error></testcase><testcase classname="" name="data._pytest_tmp.expense_tracker_tests_c4634586.pytest_runtime.gh_backup_tests_0pze2ubg" time="0.000"><error message="collection failure">E   PermissionError: [WinError 5] Access is denied: 'C:\\Users\\Nikita\\Desktop\\gitProjects\\Expense-Tracker-Consumer-Edition\\data\\_pytest_tmp\\expense_tracker_tests_c4634586\\pytest_runtime\\gh_backup_tests_0pze2ubg'</error></testcase><testcase classname="" name="data._pytest_tmp.expense_tracker_tests_c4634586.pytest_runtime.gh_backup_tests_7thq_45u" time="0.000"><error message="collection failure">E   PermissionError: [WinError 5] Access is denied: 'C:\\Users\\Nikita\\Desktop\\gitProjects\\Expense-Tracker-Consumer-Edition\\data\\_pytest_tmp\\expense_tracker_tests_c4634586\\pytest_runtime\\gh_backup_tests_7thq_45u'</error></testcase><testcase classname="" name="data._pytest_tmp.expense_tracker_tests_c4634586.pytest_runtime.gh_backup_tests_e28x8g21" time="0.000"><error message="collection failure">E   PermissionError: [WinError 5] Access is denied: 'C:\\Users\\Nikita\\Desktop\\gitProjects\\Expense-Tracker-Consumer-Edition\\data\\_pytest_tmp\\expense_tracker_tests_c4634586\\pytest_runtime\\gh_backup_tests_e28x8g21'</error></testcase><testcase classname="" name="data._pytest_tmp.expense_tracker_tests_c4634586.pytest_runtime.gh_backup_tests_fp62h7v9" time="0.000"><error message="collection failure">E   PermissionError: [WinError 5] Access is denied: 'C:\\Users\\Nikita\\Desktop\\gitProjects\\Expense-Tracker-Consumer-Edition\\data\\_pytest_tmp\\expense_tracker_tests_c4634586\\pytest_runtime\\gh_backup_tests_fp62h7v9'</error></testcase><testcase classname="" name="data._pytest_tmp.expense_tracker_tests_c4634586.pytest_runtime.pytest-of-Nikita" time="0.000"><error message="collection failure">E   PermissionError: [WinError 5] Access is denied: 'C:\\Users\\Nikita\\Desktop\\gitProjects\\Expense-Tracker-Consumer-Edition\\data\\_pytest_tmp\\expense_tracker_tests_c4634586\\pytest_runtime\\pytest-of-Nikita'</error></testcase><testcase classname="" name="data._pytest_tmp.expense_tracker_tests_c4634586.pytest_runtime.tmp31xqhtbc" time="0.000"><error message="collection failure">E   PermissionError: [WinError 5] Access is denied: 'C:\\Users\\Nikita\\Desktop\\gitProjects\\Expense-Tracker-Consumer-Edition\\data\\_pytest_tmp\\expense_tracker_tests_c4634586\\pytest_runtime\\tmp31xqhtbc'</error></testcase><testcase classname="" name="data._pytest_tmp.expense_tracker_tests_c8cad7a5.pytest_runtime.tmp8qw10lal" time="0.000"><error message="collection failure">E   PermissionError: [WinError 5] Access is denied: 'C:\\Users\\Nikita\\Desktop\\gitProjects\\Expense-Tracker-Consumer-Edition\\data\\_pytest_tmp\\expense_tracker_tests_c8cad7a5\\pytest_runtime\\tmp8qw10lal'</error></testcase><testcase classname="" name="data._pytest_tmp.expense_tracker_tests_dedf58f2.pytest_runtime.pytest-of-Nikita" time="0.000"><error message="collection failure">E   PermissionError: [WinError 5] Access is denied: 'C:\\Users\\Nikita\\Desktop\\gitProjects\\Expense-Tracker-Consumer-Edition\\data\\_pytest_tmp\\expense_tracker_tests_dedf58f2\\pytest_runtime\\pytest-of-Nikita'</error></testcase><testcase classname="" name="data._pytest_tmp.expense_tracker_tests_e225a2c2.pytest_runtime.gh_backup_tests_a6hj6pu4" time="0.000"><error message="collection failure">E   PermissionError: [WinError 5] Access is denied: 'C:\\Users\\Nikita\\Desktop\\gitProjects\\Expense-Tracker-Consumer-Edition\\data\\_pytest_tmp\\expense_tracker_tests_e225a2c2\\pytest_runtime\\gh_backup_tests_a6hj6pu4'</error></testcase><testcase classname="" name="data._pytest_tmp.expense_tracker_tests_e225a2c2.pytest_runtime.gh_backup_tests_jb1v4ryr" time="0.000"><error message="collection failure">E   PermissionError: [WinError 5] Access is denied: 'C:\\Users\\Nikita\\Desktop\\gitProjects\\Expense-Tracker-Consumer-Edition\\data\\_pytest_tmp\\expense_tracker_tests_e225a2c2\\pytest_runtime\\gh_backup_tests_jb1v4ryr'</error></testcase><testcase classname="" name="data._pytest_tmp.expense_tracker_tests_e225a2c2.pytest_runtime.gh_backup_tests_wrrxouyu" time="0.000"><error message="collection failure">E   PermissionError: [WinError 5] Access is denied: 'C:\\Users\\Nikita\\Desktop\\gitProjects\\Expense-Tracker-Consumer-Edition\\data\\_pytest_tmp\\expense_tracker_tests_e225a2c2\\pytest_runtime\\gh_backup_tests_wrrxouyu'</error></testcase><testcase classname="" name="data._pytest_tmp.expense_tracker_tests_e225a2c2.pytest_runtime.gh_backup_tests_y50au8fg" time="0.000"><error message="collection failure">E   PermissionError: [WinError 5] Access is denied: 'C:\\Users\\Nikita\\Desktop\\gitProjects\\Expense-Tracker-Consumer-Edition\\data\\_pytest_tmp\\expense_tracker_tests_e225a2c2\\pytest_runtime\\gh_backup_tests_y50au8fg'</error></testcase><testcase classname="" name="data._pytest_tmp.expense_tracker_tests_e225a2c2.pytest_runtime.pytest-of-Nikita" time="0.000"><error message="collection failure">E   PermissionError: [WinError 5] Access is denied: 'C:\\Users\\Nikita\\Desktop\\gitProjects\\Expense-Tracker-Consumer-Edition\\data\\_pytest_tmp\\expense_tracker_tests_e225a2c2\\pytest_runtime\\pytest-of-Nikita'</error></testcase><testcase classname="" name="data._pytest_tmp.expense_tracker_tests_e225a2c2.pytest_runtime.tmps3z44oc4" time="0.000"><error message="collection failure">E   PermissionError: [WinError 5] Access is denied: 'C:\\Users\\Nikita\\Desktop\\gitProjects\\Expense-Tracker-Consumer-Edition\\data\\_pytest_tmp\\expense_tracker_tests_e225a2c2\\pytest_runtime\\tmps3z44oc4'</error></testcase><testcase classname="" name="data._pytest_tmp.expense_tracker_tests_e39a4ef5.pytest_runtime.tmpahn1jh1b" time="0.000"><error message="collection failure">E   PermissionError: [WinError 5] Access is denied: 'C:\\Users\\Nikita\\Desktop\\gitProjects\\Expense-Tracker-Consumer-Edition\\data\\_pytest_tmp\\expense_tracker_tests_e39a4ef5\\pytest_runtime\\tmpahn1jh1b'</error></testcase><testcase classname="" name="data._pytest_tmp.expense_tracker_tests_e77e3bde.pytest_runtime.pytest-of-Nikita" time="0.000"><error message="collection failure">E   PermissionError: [WinError 5] Access is denied: 'C:\\Users\\Nikita\\Desktop\\gitProjects\\Expense-Tracker-Consumer-Edition\\data\\_pytest_tmp\\expense_tracker_tests_e77e3bde\\pytest_runtime\\pytest-of-Nikita'</error></testcase><testcase classname="" name="data._pytest_tmp.expense_tracker_tests_e77e3bde.pytest_runtime.tmp4l2na4b6" time="0.000"><error message="collection failure">E   PermissionError: [WinError 5] Access is denied: 'C:\\Users\\Nikita\\Desktop\\gitProjects\\Expense-Tracker-Consumer-Edition\\data\\_pytest_tmp\\expense_tracker_tests_e77e3bde\\pytest_runtime\\tmp4l2na4b6'</error></testcase><testcase classname="" name="data._pytest_tmp.expense_tracker_tests_ebda9b17.pytest_runtime.tmpqmt8nj7e" time="0.000"><error message="collection failure">E   PermissionError: [WinError 5] Access is denied: 'C:\\Users\\Nikita\\Desktop\\gitProjects\\Expense-Tracker-Consumer-Edition\\data\\_pytest_tmp\\expense_tracker_tests_ebda9b17\\pytest_runtime\\tmpqmt8nj7e'</error></testcase><testcase classname="" name="data._pytest_tmp.expense_tracker_tests_f19ed572.pytest_runtime.pytest-of-Nikita" time="0.000"><error message="collection failure">E   PermissionError: [WinError 5] Access is denied: 'C:\\Users\\Nikita\\Desktop\\gitProjects\\Expense-Tracker-Consumer-Edition\\data\\_pytest_tmp\\expense_tracker_tests_f19ed572\\pytest_runtime\\pytest-of-Nikita'</error></testcase><testcase classname="" name="data._pytest_tmp.expense_tracker_tests_f6e64e84.pytest_runtime.tmpe3n0q4p9" time="0.000"><error message="collection failure">E   PermissionError: [WinError 5] Access is denied: 'C:\\Users\\Nikita\\Desktop\\gitProjects\\Expense-Tracker-Consumer-Edition\\data\\_pytest_tmp\\expense_tracker_tests_f6e64e84\\pytest_runtime\\tmpe3n0q4p9'</error></testcase><testcase classname="" name="data._pytest_tmp.expense_tracker_tests_f78180b6.pytest_runtime.gh_backup_tests_0lfqaru8" time="0.000"><error message="collection failure">E   PermissionError: [WinError 5] Access is denied: 'C:\\Users\\Nikita\\Desktop\\gitProjects\\Expense-Tracker-Consumer-Edition\\data\\_pytest_tmp\\expense_tracker_tests_f78180b6\\pytest_runtime\\gh_backup_tests_0lfqaru8'</error></testcase><testcase classname="" name="data._pytest_tmp.expense_tracker_tests_f78180b6.pytest_runtime.gh_backup_tests_0y7a9uz7" time="0.000"><error message="collection failure">E   PermissionError: [WinError 5] Access is denied: 'C:\\Users\\Nikita\\Desktop\\gitProjects\\Expense-Tracker-Consumer-Edition\\data\\_pytest_tmp\\expense_tracker_tests_f78180b6\\pytest_runtime\\gh_backup_tests_0y7a9uz7'</error></testcase><testcase classname="" name="data._pytest_tmp.expense_tracker_tests_f78180b6.pytest_runtime.gh_backup_tests_6j32p6tu" time="0.000"><error message="collection failure">E   PermissionError: [WinError 5] Access is denied: 'C:\\Users\\Nikita\\Desktop\\gitProjects\\Expense-Tracker-Consumer-Edition\\data\\_pytest_tmp\\expense_tracker_tests_f78180b6\\pytest_runtime\\gh_backup_tests_6j32p6tu'</error></testcase><testcase classname="" name="data._pytest_tmp.expense_tracker_tests_f78180b6.pytest_runtime.gh_backup_tests_fibjio8_" time="0.000"><error message="collection failure">E   PermissionError: [WinError 5] Access is denied: 'C:\\Users\\Nikita\\Desktop\\gitProjects\\Expense-Tracker-Consumer-Edition\\data\\_pytest_tmp\\expense_tracker_tests_f78180b6\\pytest_runtime\\gh_backup_tests_fibjio8_'</error></testcase><testcase classname="" name="data._pytest_tmp.expense_tracker_tests_f78180b6.pytest_runtime.pytest-of-Nikita" time="0.000"><error message="collection failure">E   PermissionError: [WinError 5] Access is denied: 'C:\\Users\\Nikita\\Desktop\\gitProjects\\Expense-Tracker-Consumer-Edition\\data\\_pytest_tmp\\expense_tracker_tests_f78180b6\\pytest_runtime\\pytest-of-Nikita'</error></testcase><testcase classname="" name="data._pytest_tmp.expense_tracker_tests_f78180b6.pytest_runtime.tmp5tlmm3w1" time="0.000"><error message="collection failure">E   PermissionError: [WinError 5] Access is denied: 'C:\\Users\\Nikita\\Desktop\\gitProjects\\Expense-Tracker-Consumer-Edition\\data\\_pytest_tmp\\expense_tracker_tests_f78180b6\\pytest_runtime\\tmp5tlmm3w1'</error></testcase><testcase classname="" name="data._pytest_tmp.expense_tracker_tests_ffb9a9d1.pytest_runtime.tmp1s3ok4vk" time="0.000"><error message="collection failure">E   PermissionError: [WinError 5] Access is denied: 'C:\\Users\\Nikita\\Desktop\\gitProjects\\Expense-Tracker-Consumer-Edition\\data\\_pytest_tmp\\expense_tracker_tests_ffb9a9d1\\pytest_runtime\\tmp1s3ok4vk'</error></testcase><testcase classname="" name="data.expense_tracker_tests__r4bnr72" time="0.000"><error message="collection failure">E   PermissionError: [WinError 5] Access is denied: 'C:\\Users\\Nikita\\Desktop\\gitProjects\\Expense-Tracker-Consumer-Edition\\data\\expense_tracker_tests__r4bnr72'</error></testcase><testcase classname="" name="data.pytest-cache-files-0r9e0ad0" time="0.000"><error message="collection failure">E   PermissionError: [WinError 5] Access is denied: 'C:\\Users\\Nikita\\Desktop\\gitProjects\\Expense-Tracker-Consumer-Edition\\data\\pytest-cache-files-0r9e0ad0'</error></testcase><testcase classname="" name="data.pytest-cache-files-1jvagu9j" time="0.000"><error message="collection failure">E   PermissionError: [WinError 5] Access is denied: 'C:\\Users\\Nikita\\Desktop\\gitProjects\\Expense-Tracker-Consumer-Edition\\data\\pytest-cache-files-1jvagu9j'</error></testcase><testcase classname="" name="data.pytest-cache-files-2zxmakki" time="0.000"><error message="collection failure">E   PermissionError: [WinError 5] Access is denied: 'C:\\Users\\Nikita\\Desktop\\gitProjects\\Expense-Tracker-Consumer-Edition\\data\\pytest-cache-files-2zxmakki'</error></testcase><testcase classname="" name="data.pytest-cache-files-8edxm11e" time="0.000"><error message="collection failure">E   PermissionError: [WinError 5] Access is denied: 'C:\\Users\\Nikita\\Desktop\\gitProjects\\Expense-Tracker-Consumer-Edition\\data\\pytest-cache-files-8edxm11e'</error></testcase><testcase classname="" name="data.pytest-cache-files-8f01jlj9" time="0.000"><error message="collection failure">E   PermissionError: [WinError 5] Access is denied: 'C:\\Users\\Nikita\\Desktop\\gitProjects\\Expense-Tracker-Consumer-Edition\\data\\pytest-cache-files-8f01jlj9'</error></testcase><testcase classname="" name="data.pytest-cache-files-bhq53tnq" time="0.000"><error message="collection failure">E   PermissionError: [WinError 5] Access is denied: 'C:\\Users\\Nikita\\Desktop\\gitProjects\\Expense-Tracker-Consumer-Edition\\data\\pytest-cache-files-bhq53tnq'</error></testcase><testcase classname="" name="data.pytest-cache-files-cdumx4_p" time="0.000"><error message="collection failure">E   PermissionError: [WinError 5] Access is denied: 'C:\\Users\\Nikita\\Desktop\\gitProjects\\Expense-Tracker-Consumer-Edition\\data\\pytest-cache-files-cdumx4_p'</error></testcase><testcase classname="" name="data.pytest-cache-files-e3sp2iky" time="0.000"><error message="collection failure">E   PermissionError: [WinError 5] Access is denied: 'C:\\Users\\Nikita\\Desktop\\gitProjects\\Expense-Tracker-Consumer-Edition\\data\\pytest-cache-files-e3sp2iky'</error></testcase><testcase classname="" name="data.pytest-cache-files-ia0xshxn" time="0.000"><error message="collection failure">E   PermissionError: [WinError 5] Access is denied: 'C:\\Users\\Nikita\\Desktop\\gitProjects\\Expense-Tracker-Consumer-Edition\\data\\pytest-cache-files-ia0xshxn'</error></testcase><testcase classname="" name="data.pytest-cache-files-jdl63hc_" time="0.000"><error message="collection failure">E   PermissionError: [WinError 5] Access is denied: 'C:\\Users\\Nikita\\Desktop\\gitProjects\\Expense-Tracker-Consumer-Edition\\data\\pytest-cache-files-jdl63hc_'</error></testcase><testcase classname="" name="data.pytest-cache-files-jpoep4pc" time="0.000"><error message="collection failure">E   PermissionError: [WinError 5] Access is denied: 'C:\\Users\\Nikita\\Desktop\\gitProjects\\Expense-Tracker-Consumer-Edition\\data\\pytest-cache-files-jpoep4pc'</error></testcase><testcase classname="" name="data.pytest-cache-files-lbqhg0de" time="0.000"><error message="collection failure">E   PermissionError: [WinError 5] Access is denied: 'C:\\Users\\Nikita\\Desktop\\gitProjects\\Expense-Tracker-Consumer-Edition\\data\\pytest-cache-files-lbqhg0de'</error></testcase><testcase classname="" name="data.pytest-cache-files-lyxifyq9" time="0.000"><error message="collection failure">E   PermissionError: [WinError 5] Access is denied: 'C:\\Users\\Nikita\\Desktop\\gitProjects\\Expense-Tracker-Consumer-Edition\\data\\pytest-cache-files-lyxifyq9'</error></testcase><testcase classname="" name="data.pytest-cache-files-m0a_usf4" time="0.000"><error message="collection failure">E   PermissionError: [WinError 5] Access is denied: 'C:\\Users\\Nikita\\Desktop\\gitProjects\\Expense-Tracker-Consumer-Edition\\data\\pytest-cache-files-m0a_usf4'</error></testcase><testcase classname="" name="data.pytest-cache-files-p4f0xc5q" time="0.000"><error message="collection failure">E   PermissionError: [WinError 5] Access is denied: 'C:\\Users\\Nikita\\Desktop\\gitProjects\\Expense-Tracker-Consumer-Edition\\data\\pytest-cache-files-p4f0xc5q'</error></testcase><testcase classname="" name="data.pytest-cache-files-pc45o_fr" time="0.000"><error message="collection failure">E   PermissionError: [WinError 5] Access is denied: 'C:\\Users\\Nikita\\Desktop\\gitProjects\\Expense-Tracker-Consumer-Edition\\data\\pytest-cache-files-pc45o_fr'</error></testcase><testcase classname="" name="data.pytest-cache-files-scprzv4o" time="0.000"><error message="collection failure">E   PermissionError: [WinError 5] Access is denied: 'C:\\Users\\Nikita\\Desktop\\gitProjects\\Expense-Tracker-Consumer-Edition\\data\\pytest-cache-files-scprzv4o'</error></testcase><testcase classname="" name="data.pytest-cache-files-vfy24yvm" time="0.000"><error message="collection failure">E   PermissionError: [WinError 5] Access is denied: 'C:\\Users\\Nikita\\Desktop\\gitProjects\\Expense-Tracker-Consumer-Edition\\data\\pytest-cache-files-vfy24yvm'</error></testcase></testsuite></testsuites>