<?xml version="1.0" encoding="utf-8"?><testsuites name="pytest tests"><testsuite name="pytest" errors="10" failures="7" skipped="0" tests="552" time="44.705" timestamp="2026-08-21T18:09:23.569760+02:00" hostname="DESKTOP-2S0TDIF"><testcase classname="tests.test_ai_eval" name="test_cases_yaml_has_100" time="0.015" /><testcase classname="tests.test_ai_eval" name="test_cases_have_expected_tool_in_registry" time="0.014" /><testcase classname="tests.test_ai_eval" name="test_cases_questions_nonempty_and_unique" time="0.014" /><testcase classname="tests.test_ai_eval" name="test_fast_route_covers_deterministic" time="0.015" /><testcase classname="tests.test_ai_eval" name="test_deterministic_route_parses_explicit_and_relative_months" time="0.001" /><testcase classname="tests.test_ai_eval" name="test_fast_route_handles_common_breakdown_and_comparison_questions" time="0.000" /><testcase classname="tests.test_ai_eval" name="test_purchase_scenario_route_extracts_amount" time="0.000" /><testcase classname="tests.test_ai_eval" name="test_parse_local_tool_json_valid" time="0.000" /><testcase classname="tests.test_ai_eval" name="test_parse_local_tool_json_with_surrounding_text" time="0.000" /><testcase classname="tests.test_ai_eval" name="test_parse_local_tool_json_invalid" time="0.000" /><testcase classname="tests.test_ai_eval" name="test_parse_local_tool_json_flat_object" time="0.000" /><testcase classname="tests.test_ai_eval" name="test_validate_tool_call" time="0.000" /><testcase classname="tests.test_ai_eval" name="test_safety_no_sql_and_mutation" time="0.000" /><testcase classname="tests.test_ai_eval" name="test_orchestrator_empty_question" time="0.000" /><testcase classname="tests.test_ai_eval" name="test_orchestrator_mutation_proposal" time="0.000" /><testcase classname="tests.test_ai_eval" name="test_orchestrator_deterministic_mocked" time="0.000" /><testcase classname="tests.test_ai_eval" name="test_orchestrator_no_provider_no_fast_route_gives_helpful_error" time="0.000" /><testcase classname="tests.test_ai_eval" name="test_schemas_provenance_roundtrip" time="0.000" /><testcase classname="tests.test_ai_eval" name="test_tool_schemas_cover_all_tools" time="0.000" /><testcase classname="tests.test_ai_eval" name="test_hallucinated_number_guard_deterministic" time="0.000" /><testcase classname="tests.test_ai_safety" name="test_sanitize_untrusted_text_strips_newlines_and_control_chars" time="0.000" /><testcase classname="tests.test_ai_safety" name="test_sanitize_untrusted_text_collapses_whitespace" time="0.000" /><testcase classname="tests.test_ai_safety" name="test_sanitize_untrusted_text_caps_length" time="0.000" /><testcase classname="tests.test_ai_safety" name="test_sanitize_untrusted_text_custom_max_len" time="0.000" /><testcase classname="tests.test_ai_safety" name="test_sanitize_untrusted_text_non_str_coerced" time="0.000" /><testcase classname="tests.test_ai_safety" name="test_sanitize_untrusted_text_empty_string" time="0.000" /><testcase classname="tests.test_ai_safety" name="test_sanitize_untrusted_text_strips_leading_trailing" time="0.000" /><testcase classname="tests.test_ai_safety" name="test_sanitize_tool_result_dict_strings_sanitized" time="0.000" /><testcase classname="tests.test_ai_safety" name="test_sanitize_tool_result_nested_list_strings" time="0.000" /><testcase classname="tests.test_ai_safety" name="test_sanitize_tool_result_tuple_preserved" time="0.000" /><testcase classname="tests.test_ai_safety" name="test_sanitize_tool_result_non_string_leaves_untouched" time="0.000" /><testcase classname="tests.test_ai_safety" name="test_sanitize_tool_result_none_and_scalar_input" time="0.000" /><testcase classname="tests.test_ai_safety" name="test_sanitize_tool_result_deeply_nested" time="0.000" /><testcase classname="tests.test_ai_safety" name="test_compose_answer_embeds_sanitized_tool_result" time="0.000" /><testcase classname="tests.test_ai_safety" name="test_sanitize_untrusted_text_matches_llm_sanitize_stat" time="0.000" /><testcase classname="tests.test_anomaly_phase4" name="test_structured_anomalies_expose_contract_and_reasons" time="0.608" /><testcase classname="tests.test_anomaly_phase4" name="test_anomaly_features_do_not_encode_category_as_numeric" time="0.011" /><testcase classname="tests.test_api" name="test_health" time="0.004" /><testcase classname="tests.test_api" name="test_pair_success_and_invalid_code" time="0.284" /><testcase classname="tests.test_api" name="test_pair_rate_limited" time="0.302" /><testcase classname="tests.test_api" name="test_sync_requires_valid_token" time="0.005" /><testcase classname="tests.test_api" name="test_sync_creates_record_and_returns_snapshot" time="0.197" /><testcase classname="tests.test_api" name="test_v2_uses_server_cursor_not_client_since" time="0.209" /><testcase classname="tests.test_api" name="test_payload_cap_rejects_oversized_changes" time="0.184" /><testcase classname="tests.test_api" name="test_expired_token_rejected" time="0.186" /><testcase classname="tests.test_api" name="test_unknown_fields_rejected_via_api" time="0.186" /><testcase classname="tests.test_app_smoke" name="test_login_page_renders" time="0.425" /><testcase classname="tests.test_app_smoke" name="test_registration_disabled_when_configured" time="0.097" /><testcase classname="tests.test_app_smoke" name="test_main_app_renders_and_navigates" time="1.007" /><testcase classname="tests.test_app_smoke" name="test_all_pages_with_rich_data" time="1.895" /><testcase classname="tests.test_app_smoke" name="test_ai_settings_provider_switch_saves_without_crash" time="1.496" /><testcase classname="tests.test_app_smoke" name="test_dashboard_quick_add_logs_expense" time="0.768" /><testcase classname="tests.test_app_smoke" name="test_onboarding_gate_blocks_new_users" time="0.097" /><testcase classname="tests.test_app_smoke" name="test_onboarding_flow_submits_without_name_errors" time="0.211" /><testcase classname="tests.test_app_ui" name="test_grouped_navigation_routes_every_group" time="1.177" /><testcase classname="tests.test_app_ui" name="test_loans_page_renders_with_current_month_payment" time="0.469" /><testcase classname="tests.test_app_ui" name="test_dashboard_task_hub_quick_actions" time="0.353" /><testcase classname="tests.test_app_ui" name="test_household_invite_code_persists" time="0.344" /><testcase classname="tests.test_app_ui" name="test_expense_history_pagination_controls" time="0.672" /><testcase classname="tests.test_app_ui" name="test_dashboard_with_start_month_template_no_crash" time="0.514" /><testcase classname="tests.test_app_ui" name="test_savings_page_goal_cards_and_term_deposits" time="0.442" /><testcase classname="tests.test_app_ui" name="test_ask_page_error_does_not_pollute_history" time="0.175"><error message="failed on setup with &quot;PermissionError: [WinError 5] Access is denied: 'C:\\Users\\Nikita\\Desktop\\gitProjects\\Expense-Tracker-Consumer-Edition\\data\\_pytest_tmp\\expense_tracker_tests_5d79013b\\pytest_runtime\\pytest-of-Nikita'&quot;">E   PermissionError: [WinError 5] Access is denied: 'C:\\Users\\Nikita\\Desktop\\gitProjects\\Expense-Tracker-Consumer-Edition\\data\\_pytest_tmp\\expense_tracker_tests_5d79013b\\pytest_runtime\\pytest-of-Nikita'</error></testcase><testcase classname="tests.test_app_ui" name="test_ask_page_pills_show_on_empty_chat" time="0.344" /><testcase classname="tests.test_app_ui" name="test_settings_page_renders_ai_section" time="0.384" /><testcase classname="tests.test_auth_login_timing_guard" name="test_nonexistent_user_runs_bcrypt_once" time="0.488" /><testcase classname="tests.test_auth_login_timing_guard" name="test_wrong_password_runs_bcrypt_once" time="0.326" /><testcase classname="tests.test_auth_login_timing_guard" name="test_dummy_hash_is_lazily_initialised" time="0.651" /><testcase classname="tests.test_backup" name="test_force_backup_captures_same_day_changes" time="0.226" /><testcase classname="tests.test_backup" name="test_backup_is_atomic_no_tmp_files" time="0.197" /><testcase classname="tests.test_backup" name="test_backup_prunes_old_files" time="0.199" /><testcase classname="tests.test_bank_import" name="test_detect_revolut" time="0.001" /><testcase classname="tests.test_bank_import" name="test_detect_n26" time="0.001" /><testcase classname="tests.test_bank_import" name="test_detect_wise" time="0.001" /><testcase classname="tests.test_bank_import" name="test_detect_generic" time="0.001" /><testcase classname="tests.test_bank_import" name="test_normalize_revolut" time="0.003" /><testcase classname="tests.test_bank_import" name="test_normalize_generic_drops_invalid_rows" time="0.002" /><testcase classname="tests.test_bank_import" name="test_normalize_generic_day_first_dates" time="0.002" /><testcase classname="tests.test_bank_import" name="test_normalize_wise_dash_dates_day_first" time="0.002" /><testcase classname="tests.test_bank_import" name="test_normalize_generic_serbian_dot_thousands" time="0.002" /><testcase classname="tests.test_bank_import" name="test_categorize_known_keyword" time="0.000" /><testcase classname="tests.test_bank_import" name="test_categorize_unknown_falls_back_to_other" time="0.000" /><testcase classname="tests.test_bank_import" name="test_revolut_empty_currency_column_yields_blank" time="0.002" /><testcase classname="tests.test_bank_import" name="test_wise_empty_source_currency_column_yields_blank" time="0.002" /><testcase classname="tests.test_bank_import" name="test_missing_currency_column_yields_blank" time="0.002" /><testcase classname="tests.test_bank_import" name="test_revolut_currency_values_uppercased_and_preserved" time="0.002" /><testcase classname="tests.test_bank_import" name="test_clean_currency_never_produces_nan" time="0.001" /><testcase classname="tests.test_bank_import" name="test_edited_amount_and_currency_drive_eur" time="0.177" /><testcase classname="tests.test_bank_import" name="test_duplicate_row_within_upload_skipped" time="0.176" /><testcase classname="tests.test_bank_import" name="test_nan_amount_skipped" time="0.175" /><testcase classname="tests.test_bank_import" name="test_empty_currency_treated_as_eur" time="0.185" /><testcase classname="tests.test_bank_import" name="test_unknown_currency_returns_nan_and_is_skipped" time="0.175" /><testcase classname="tests.test_bank_import" name="test_to_eur_amount_nan_currency_treated_as_eur" time="0.001" /><testcase classname="tests.test_bank_import" name="test_to_eur_amount_converts_known_currency" time="0.000" /><testcase classname="tests.test_bank_import" name="test_suggestion_telemetry_recorded" time="0.180" /><testcase classname="tests.test_bank_import" name="test_corrected_suggestion_recorded_as_not_accepted" time="0.180" /><testcase classname="tests.test_bank_import" name="test_cleared_description_cell_skipped" time="0.173" /><testcase classname="tests.test_bank_import" name="test_literal_nan_description_skipped" time="0.173" /><testcase classname="tests.test_bank_import" name="test_signed_thousands_parity_with_pdf_import[1.234]" time="0.001" /><testcase classname="tests.test_bank_import" name="test_signed_thousands_parity_with_pdf_import[-1.234]" time="0.001" /><testcase classname="tests.test_bank_import" name="test_signed_thousands_parity_with_pdf_import[1,234]" time="0.001" /><testcase classname="tests.test_bank_import" name="test_signed_thousands_parity_with_pdf_import[-1,234]" time="0.001" /><testcase classname="tests.test_bank_import" name="test_signed_thousands_parity_with_pdf_import[+1,234]" time="0.001" /><testcase classname="tests.test_bank_import" name="test_signed_thousands_parity_with_pdf_import[12.345.678]" time="0.001" /><testcase classname="tests.test_bank_import" name="test_signed_dot_thousands_pure_value" time="0.001" /><testcase classname="tests.test_bank_import" name="test_signed_comma_thousands_pure_value" time="0.001" /><testcase classname="tests.test_bank_import" name="test_comma_decimal_unaffected_by_sign_fix" time="0.001" /><testcase classname="tests.test_bank_import" name="test_generic_csv_finds_amount_by_alias" time="0.002" /><testcase classname="tests.test_bank_import" name="test_generic_csv_currency_not_selected_as_amount" time="0.002" /><testcase classname="tests.test_bank_import" name="test_generic_csv_falls_back_to_last_column_for_unknown_schema" time="0.002" /><testcase classname="tests.test_big_purchases" name="test_quadrant_quick_win" time="0.000" /><testcase classname="tests.test_big_purchases" name="test_quadrant_plan_and_save" time="0.000" /><testcase classname="tests.test_big_purchases" name="test_quadrant_maybe_later" time="0.000" /><testcase classname="tests.test_big_purchases" name="test_quadrant_reconsider" time="0.000" /><testcase classname="tests.test_big_purchases" name="test_quadrant_boundary_values_fall_to_low_side" time="0.000" /><testcase classname="tests.test_big_purchases" name="test_drag_order_rejects_duplicate_unknown_and_missing_ids" time="0.000" /><testcase classname="tests.test_big_purchases" name="test_bought_purchase_is_retained_and_order_is_persisted" time="0.182" /><testcase classname="tests.test_budget_scope" name="test_add_budget_upserts_same_scope" time="0.178" /><testcase classname="tests.test_budget_scope" name="test_migration_dedupes_existing_overlaps" time="0.191" /><testcase classname="tests.test_budget_scope" name="test_subcategory_rows_authoritative_over_category_row" time="0.002" /><testcase classname="tests.test_budget_scope" name="test_effective_budgets_empty_and_null_subcategory" time="0.002" /><testcase classname="tests.test_cache_revision" name="test_revision_persists_and_increments" time="0.345" /><testcase classname="tests.test_cache_revision" name="test_second_session_sees_bump_immediately" time="0.347" /><testcase classname="tests.test_cache_revision" name="test_household_member_bump_invalidates_all" time="0.351" /><testcase classname="tests.test_categorizer_cache" name="test_fingerprint_changes_on_category_edit" time="0.003" /><testcase classname="tests.test_categorizer_cache" name="test_fingerprint_changes_on_subcategory_edit" time="0.002" /><testcase classname="tests.test_categorizer_cache" name="test_fingerprint_changes_on_row_delete" time="0.003" /><testcase classname="tests.test_categorizer_cache" name="test_edited_labels_retrain_immediately" time="0.021" /><testcase classname="tests.test_categorizer_cache" name="test_cache_keyed_by_fingerprint_and_user" time="0.002" /><testcase classname="tests.test_categorizer_cache" name="test_clear_drops_all_models" time="0.002" /><testcase classname="tests.test_crypto" name="test_fresh_db_is_ciphertext_and_keyed_open_works" time="0.002" /><testcase classname="tests.test_crypto" name="test_wrong_key_cannot_open_the_db" time="0.025" /><testcase classname="tests.test_crypto" name="test_plaintext_db_migrates_in_place" time="0.057" /><testcase classname="tests.test_crypto" name="test_migration_failure_leaves_plaintext_intact" time="0.026" /><testcase classname="tests.test_crypto" name="test_backup_file_is_encrypted" time="0.027" /><testcase classname="tests.test_crypto" name="test_master_key_env_precedence_and_passphrase_digest" time="0.000" /><testcase classname="tests.test_crypto" name="test_fernet_key_file_path_is_used_verbatim" time="0.001" /><testcase classname="tests.test_crypto" name="test_fernet_roundtrip_and_tamper" time="0.001" /><testcase classname="tests.test_crypto" name="test_notifications_use_the_same_secret" time="0.000" /><testcase classname="tests.test_crypto" name="test_ensure_db_encrypted_reports_wrong_key_clearly" time="0.024" /><testcase classname="tests.test_crypto" name="test_empty_db_file_becomes_encrypted" time="0.016" /><testcase classname="tests.test_crypto" name="test_ensure_db_encrypted_yields_when_another_process_migrates" time="0.013" /><testcase classname="tests.test_crypto" name="test_lock_race_retries_when_other_process_finishes" time="0.011" /><testcase classname="tests.test_currency" name="test_default_rates_cover_all_supported_currencies" time="0.000" /><testcase classname="tests.test_currency" name="test_get_rates_seeds_legacy_exchange_rate" time="0.000" /><testcase classname="tests.test_currency" name="test_get_rates_prefers_stored_table_and_fills_gaps" time="0.000" /><testcase classname="tests.test_currency" name="test_to_eur_converts_with_rate_and_keeps_eur" time="0.000" /><testcase classname="tests.test_currency" name="test_to_display_converts_aggregates" time="0.000" /><testcase classname="tests.test_currency" name="test_to_display_row_uses_original_amount_when_currency_matches" time="0.000" /><testcase classname="tests.test_currency" name="test_to_display_row_converts_when_currencies_differ" time="0.000" /><testcase classname="tests.test_currency" name="test_fmt_formatting_per_currency" time="0.000" /><testcase classname="tests.test_currency" name="test_fmt_row_uses_original_when_matching" time="0.000" /><testcase classname="tests.test_custom_milestones" name="test_create_validate_and_delete" time="0.184" /><testcase classname="tests.test_custom_milestones" name="test_metric_values_nan_safe" time="0.191" /><testcase classname="tests.test_custom_milestones" name="test_award_is_once_and_queues_fun_money" time="0.207" /><testcase classname="tests.test_custom_milestones" name="test_unreached_milestone_never_awards" time="0.183" /><testcase classname="tests.test_custom_milestones" name="test_account_deletion_removes_custom_milestones" time="0.177" /><testcase classname="tests.test_custom_milestones" name="test_catalog_and_custom_awards_both_queue" time="0.210" /><testcase classname="tests.test_custom_milestones" name="test_manual_mark_achieved" time="0.180" /><testcase classname="tests.test_db" name="test_expense_roundtrip_after_session_close" time="0.174" /><testcase classname="tests.test_db" name="test_audit_log_reads_after_commits" time="0.173" /><testcase classname="tests.test_db" name="test_soft_delete_and_restore" time="0.186" /><testcase classname="tests.test_db" name="test_income_roundtrip" time="0.176" /><testcase classname="tests.test_db" name="test_loan_surcharge_defaults_and_payment_metadata" time="0.183" /><testcase classname="tests.test_edit_dialog_keys" name="test_fix_edit_dialog_keys_are_row_scoped_in_source[big_purchases]" time="0.001" /><testcase classname="tests.test_edit_dialog_keys" name="test_fix_edit_dialog_keys_are_row_scoped_in_source[savings_account]" time="0.001" /><testcase classname="tests.test_edit_dialog_keys" name="test_fix_edit_dialog_keys_are_row_scoped_in_source[savings_goal]" time="0.001" /><testcase classname="tests.test_edit_dialog_keys" name="test_fix_edit_dialog_keys_are_row_scoped_in_source[log_income]" time="0.001" /><testcase classname="tests.test_edit_dialog_keys" name="test_edit_dialog_row_isolation_via_apptest" time="0.096" /><testcase classname="tests.test_edit_dialog_keys" name="test_edit_dialog_stale_keys_leak_as_negative_control" time="0.095" /><testcase classname="tests.test_entry_editing" name="test_edit_income_updates_only_that_row" time="0.182" /><testcase classname="tests.test_entry_editing" name="test_edit_savings_recomputes_chain_forward_only" time="0.184" /><testcase classname="tests.test_entry_editing" name="test_edit_loan_terms_do_not_touch_payments" time="0.179" /><testcase classname="tests.test_entry_editing" name="test_edit_big_purchase_updates_fields" time="0.178" /><testcase classname="tests.test_entry_editing" name="test_bulk_update_expenses_applies_valid_amounts" time="0.183" /><testcase classname="tests.test_entry_editing" name="test_bulk_update_expenses_rejects_nonfinite_amounts[inf0]" time="0.185" /><testcase classname="tests.test_entry_editing" name="test_bulk_update_expenses_rejects_nonfinite_amounts[-inf]" time="0.182" /><testcase classname="tests.test_entry_editing" name="test_bulk_update_expenses_rejects_nonfinite_amounts[nan]" time="0.182" /><testcase classname="tests.test_entry_editing" name="test_bulk_update_expenses_rejects_nonfinite_amounts[1000001.0]" time="0.183" /><testcase classname="tests.test_entry_editing" name="test_bulk_update_expenses_rejects_nonfinite_amounts[inf1]" time="0.181" /><testcase classname="tests.test_entry_editing" name="test_bulk_update_expenses_rejects_nonfinite_amount_eur" time="0.179" /><testcase classname="tests.test_entry_editing" name="test_bulk_update_expenses_mixed_valid_and_invalid" time="0.181" /><testcase classname="tests.test_entry_editing" name="test_bulk_update_expenses_no_poisoning_in_sum" time="0.184" /><testcase classname="tests.test_entry_editing" name="test_valid_amount_guard_rejects_bad[inf]" time="0.006" /><testcase classname="tests.test_entry_editing" name="test_valid_amount_guard_rejects_bad[-inf]" time="0.004" /><testcase classname="tests.test_entry_editing" name="test_valid_amount_guard_rejects_bad[nan]" time="0.004" /><testcase classname="tests.test_entry_editing" name="test_valid_amount_guard_rejects_bad[1000001.0]" time="0.004" /><testcase classname="tests.test_entry_editing" name="test_valid_amount_guard_rejects_bad[0.0]" time="0.004" /><testcase classname="tests.test_entry_editing" name="test_valid_amount_guard_rejects_bad[-5.0]" time="0.004" /><testcase classname="tests.test_entry_editing" name="test_valid_amount_guard_accepts_good" time="0.004" /><testcase classname="tests.test_finance" name="test_annuity_zero_interest" time="0.000" /><testcase classname="tests.test_finance" name="test_annuity_with_interest" time="0.000" /><testcase classname="tests.test_finance" name="test_next_payment_breakdown_separates_interest_and_principal" time="0.000" /><testcase classname="tests.test_finance" name="test_early_repayment_surcharge_is_interest_but_not_principal" time="0.000" /><testcase classname="tests.test_finance" name="test_early_repayment_surcharge_modes" time="0.000" /><testcase classname="tests.test_finance" name="test_hourly_rate_uses_weighted_income_and_salary_fallback" time="0.000" /><testcase classname="tests.test_finance" name="test_early_repayment_can_pay_off_principal_without_counting_fee_as_principal" time="0.000" /><testcase classname="tests.test_finance" name="test_schedule_no_payments" time="0.000" /><testcase classname="tests.test_finance" name="test_schedule_on_time_payments" time="0.000" /><testcase classname="tests.test_finance" name="test_schedule_missed_payment_extends_payoff" time="0.000" /><testcase classname="tests.test_finance" name="test_schedule_partial_payment_accrues_interest" time="0.000" /><testcase classname="tests.test_finance" name="test_schedule_burst_payments_before_first_due_accrue_interest" time="0.000" /><testcase classname="tests.test_finance" name="test_schedule_early_payment_booked_exactly_once_across_snapshots" time="0.000" /><testcase classname="tests.test_finance" name="test_schedule_payment_day_clamped_in_february" time="0.000" /><testcase classname="tests.test_finance" name="test_schedule_ignores_future_payments" time="0.000" /><testcase classname="tests.test_finance" name="test_schedule_applies_payments_made_off_due_day" time="0.000" /><testcase classname="tests.test_finance" name="test_first_due_never_precedes_loan_start" time="0.000" /><testcase classname="tests.test_finance" name="test_first_due_in_start_month_when_day_not_passed" time="0.000" /><testcase classname="tests.test_finance" name="test_zero_interest_remaining_months_uses_ceil" time="0.000" /><testcase classname="tests.test_finance" name="test_february_clamp_uses_first_due_anchor" time="0.000" /><testcase classname="tests.test_finance" name="test_payment_in_first_due_month_counts" time="0.000" /><testcase classname="tests.test_finance" name="test_payment_before_due_day_reduces_balance_immediately" time="0.000" /><testcase classname="tests.test_finance" name="test_payment_before_first_due_reduces_balance" time="0.000" /><testcase classname="tests.test_finance" name="test_early_payoff_in_current_month_uses_due_date" time="0.000" /><testcase classname="tests.test_finance" name="test_current_month_payment_not_counted_twice_after_due_passes" time="0.000" /><testcase classname="tests.test_finance" name="test_payoff_date_after_current_month_payment" time="0.000" /><testcase classname="tests.test_finance" name="test_payoff_date_after_current_month_prepayment" time="0.000" /><testcase classname="tests.test_finance" name="test_term_deposit_math" time="0.000" /><testcase classname="tests.test_finance" name="test_negative_amortization_reports_honest_schedule" time="0.000" /><testcase classname="tests.test_finance" name="test_portfolio_metrics" time="0.000" /><testcase classname="tests.test_forecast" name="test_mid_month_salary_cycle" time="0.000" /><testcase classname="tests.test_forecast" name="test_before_salary_day_uses_previous_month" time="0.000" /><testcase classname="tests.test_forecast" name="test_january_before_salary_day_wraps_year" time="0.000" /><testcase classname="tests.test_forecast" name="test_month_end_salary_day_clamps_in_february" time="0.000" /><testcase classname="tests.test_forecast" name="test_day_30_salary_clamps_in_february" time="0.000" /><testcase classname="tests.test_forecast" name="test_latest_salary_overrides_default_day" time="0.000" /><testcase classname="tests.test_forecast" name="test_month_end_salary_day_clamps_previous_month_start" time="0.000" /><testcase classname="tests.test_forecasting" name="test_forecast_falls_back_with_short_history" time="0.130" /><testcase classname="tests.test_forecasting" name="test_forecast_with_enough_history" time="0.068" /><testcase classname="tests.test_forecasting" name="test_forecast_selection_reports_backtest_metrics" time="0.070" /><testcase classname="tests.test_forecasting" name="test_backtest_requires_three_origins" time="0.000" /><testcase classname="tests.test_forecasting" name="test_forecast_history_months_are_elapsed_not_row_count" time="0.018" /><testcase classname="tests.test_forecasting" name="test_forecast_falls_back_when_a_month_is_missing" time="0.022" /><testcase classname="tests.test_forecasting" name="test_forecast_never_leaks_nonfinite_total" time="0.037" /><testcase classname="tests.test_forecasting" name="test_candidate_prediction_returns_none_on_nonfinite" time="0.001" /><testcase classname="tests.test_forecasting" name="test_anomalies_flags_outlier" time="0.063" /><testcase classname="tests.test_forecasting" name="test_anomalies_returns_empty_for_small_data" time="0.001" /><testcase classname="tests.test_forecasting" name="test_categorizer_trains_and_predicts" time="0.009" /><testcase classname="tests.test_forecasting" name="test_categorizer_refuses_tiny_data" time="0.001" /><testcase classname="tests.test_forecasting" name="test_subcategorizer_trains_and_predicts" time="0.005" /><testcase classname="tests.test_forecasting" name="test_subcategorizer_refuses_thin_data" time="0.001" /><testcase classname="tests.test_forecasting" name="test_suggest_category_and_subcategory_classifier_wins" time="0.012" /><testcase classname="tests.test_forecasting" name="test_suggest_category_and_subcategory_keyword_fallback_when_untrained" time="0.002" /><testcase classname="tests.test_forecasting" name="test_suggest_refinement_borrows_keyword_subcategory" time="0.009" /><testcase classname="tests.test_forecasting" name="test_detect_subscriptions_finds_monthly_charges" time="0.005" /><testcase classname="tests.test_forecasting" name="test_detect_subscriptions_reports_material_price_increase" time="0.004" /><testcase classname="tests.test_forecasting" name="test_detect_subscriptions_ignores_irregular" time="0.002" /><testcase classname="tests.test_forecasting" name="test_detect_subscriptions_tolerates_null_descriptions" time="0.002" /><testcase classname="tests.test_forecasting" name="test_cluster_month_patterns" time="0.320" /><testcase classname="tests.test_forecasting" name="test_cluster_short_history" time="0.004" /><testcase classname="tests.test_forecasting" name="test_suggest_budgets_returns_categories" time="0.004" /><testcase classname="tests.test_formula_injection" name="test_formula_like_strings_exported_as_text" time="0.008" /><testcase classname="tests.test_formula_injection" name="test_non_string_cells_are_not_touched" time="0.006" /><testcase classname="tests.test_fun_travel" name="test_fun_spent_sums_selected_categories_in_month" time="0.003" /><testcase classname="tests.test_fun_travel" name="test_fun_spent_accepts_bare_subcategory_names" time="0.002" /><testcase classname="tests.test_fun_travel" name="test_travel_spent_matches_pairs" time="0.002" /><testcase classname="tests.test_fun_travel" name="test_travel_spent_whole_category_bare_name" time="0.002" /><testcase classname="tests.test_fun_travel" name="test_travel_spent_whole_category_when_subcategory_empty" time="0.002" /><testcase classname="tests.test_fun_travel" name="test_travel_spent_overlapping_pairs_not_double_counted" time="0.002" /><testcase classname="tests.test_fun_travel" name="test_award_new_milestones_is_idempotent_and_grants_reward" time="0.191" /><testcase classname="tests.test_fun_travel" name="test_debt_free_milestone" time="0.172" /><testcase classname="tests.test_fun_travel" name="test_fun_keeper_milestone" time="0.175" /><testcase classname="tests.test_fun_travel" name="test_fun_bonus_set_vs_add_across_months" time="0.212" /><testcase classname="tests.test_fun_travel" name="test_fun_bonus_map_preserves_active_month_bonus" time="0.191" /><testcase classname="tests.test_gamification" name="test_monthly_habit_badges" time="0.008" /><testcase classname="tests.test_gamification" name="test_timing_and_weekend_badges" time="0.007" /><testcase classname="tests.test_gamification" name="test_big_ticket_and_diversity_badges" time="0.005" /><testcase classname="tests.test_gamification" name="test_category_explorer_requires_ten_categories" time="0.016" /><testcase classname="tests.test_gamification" name="test_home_steady_needs_12_housing_months" time="0.014" /><testcase classname="tests.test_gamification" name="test_hustler_three_sources_in_one_month" time="0.002" /><testcase classname="tests.test_gamification" name="test_squirrel_mode_three_positive_months" time="0.004" /><testcase classname="tests.test_gamification" name="test_saver_streak_ignores_current_month" time="0.001" /><testcase classname="tests.test_gamification" name="test_sub_detective_finds_three_subscriptions" time="0.008" /><testcase classname="tests.test_gamification" name="test_penny_pincher_compares_to_recent_average" time="0.009" /><testcase classname="tests.test_gamification" name="test_achievement_hunter_meta_badge" time="0.008" /><testcase classname="tests.test_gamification" name="test_logging_streak_unchanged" time="0.001" /><testcase classname="tests.test_github_backup" name="test_split_merge_roundtrip_single_and_multi_part" time="0.001"><failure message="PermissionError: [Errno 13] Permission denied: 'C:\\Users\\Nikita\\Desktop\\gitProjects\\Expense-Tracker-Consumer-Edition\\data\\_pytest_tmp\\expense_tracker_tests_5d79013b\\pytest_runtime\\gh_backup_tests_iej51uk5\\one.db'">E   PermissionError: [Errno 13] Permission denied: 'C:\\Users\\Nikita\\Desktop\\gitProjects\\Expense-Tracker-Consumer-Edition\\data\\_pytest_tmp\\expense_tracker_tests_5d79013b\\pytest_runtime\\gh_backup_tests_iej51uk5\\one.db'</failure></testcase><testcase classname="tests.test_github_backup" name="test_merge_rejects_tampered_and_missing_parts" time="0.001"><failure message="PermissionError: [Errno 13] Permission denied: 'C:\\Users\\Nikita\\Desktop\\gitProjects\\Expense-Tracker-Consumer-Edition\\data\\_pytest_tmp\\expense_tracker_tests_5d79013b\\pytest_runtime\\gh_backup_tests_zit5gsvh\\t.db'">E   PermissionError: [Errno 13] Permission denied: 'C:\\Users\\Nikita\\Desktop\\gitProjects\\Expense-Tracker-Consumer-Edition\\data\\_pytest_tmp\\expense_tracker_tests_5d79013b\\pytest_runtime\\gh_backup_tests_zit5gsvh\\t.db'</failure></testcase><testcase classname="tests.test_github_backup" name="test_run_github_backup_uploads_parts_then_manifest" time="0.206" /><testcase classname="tests.test_github_backup" name="test_prune_deletes_only_old_day_folders" time="0.000" /><testcase classname="tests.test_github_backup" name="test_prune_keeps_future_and_malformed_names" time="0.000" /><testcase classname="tests.test_github_backup" name="test_missing_config_records_error" time="0.176" /><testcase classname="tests.test_github_backup" name="test_bad_repo_shape_rejected" time="0.178" /><testcase classname="tests.test_github_backup" name="test_api_401_records_error" time="0.177" /><testcase classname="tests.test_github_backup" name="test_concurrent_runs_are_skipped" time="0.174" /><testcase classname="tests.test_github_backup" name="test_token_stored_encrypted_only" time="0.175" /><testcase classname="tests.test_github_backup" name="test_find_manifest_and_download_roundtrip" time="0.001"><failure message="PermissionError: [Errno 13] Permission denied: 'C:\\Users\\Nikita\\Desktop\\gitProjects\\Expense-Tracker-Consumer-Edition\\data\\_pytest_tmp\\expense_tracker_tests_5d79013b\\pytest_runtime\\gh_backup_tests_x3d_ikh_\\x.db'">E   PermissionError: [Errno 13] Permission denied: 'C:\\Users\\Nikita\\Desktop\\gitProjects\\Expense-Tracker-Consumer-Edition\\data\\_pytest_tmp\\expense_tracker_tests_5d79013b\\pytest_runtime\\gh_backup_tests_x3d_ikh_\\x.db'</failure></testcase><testcase classname="tests.test_github_backup" name="test_find_manifest_missing_raises_cleanly" time="0.000" /><testcase classname="tests.test_github_backup" name="test_download_falls_back_to_download_url_for_large_files" time="0.000" /><testcase classname="tests.test_github_backup" name="test_replace_db_wraps_file_in_use_error" time="0.002"><failure message="PermissionError: [Errno 13] Permission denied: 'C:\\Users\\Nikita\\Desktop\\gitProjects\\Expense-Tracker-Consumer-Edition\\data\\_pytest_tmp\\expense_tracker_tests_5d79013b\\pytest_runtime\\gh_backup_tests_092k5stp\\restored.db'">E   PermissionError: [Errno 13] Permission denied: 'C:\\Users\\Nikita\\Desktop\\gitProjects\\Expense-Tracker-Consumer-Edition\\data\\_pytest_tmp\\expense_tracker_tests_5d79013b\\pytest_runtime\\gh_backup_tests_092k5stp\\restored.db'</failure></testcase><testcase classname="tests.test_github_backup" name="test_maybe_auto_backup_gates" time="0.000" /><testcase classname="tests.test_income" name="test_fill_income_types_maps_legacy_sources" time="0.002" /><testcase classname="tests.test_income" name="test_fill_income_types_keeps_existing_values" time="0.001" /><testcase classname="tests.test_income" name="test_detect_raise_requires_two_salaries" time="0.001" /><testcase classname="tests.test_income" name="test_detect_raise_finds_increase" time="0.001" /><testcase classname="tests.test_income" name="test_detect_raise_ignores_decreases" time="0.001" /><testcase classname="tests.test_income" name="test_detect_raise_ignores_other_types" time="0.001" /><testcase classname="tests.test_insights" name="test_month_over_month_up_and_down" time="0.002" /><testcase classname="tests.test_insights" name="test_month_over_month_wraps_year" time="0.002" /><testcase classname="tests.test_insights" name="test_month_over_month_no_previous" time="0.001" /><testcase classname="tests.test_insights" name="test_unusual_expenses_flags_outliers" time="0.002" /><testcase classname="tests.test_insights" name="test_days_until_budget_depleted" time="0.001" /><testcase classname="tests.test_insights" name="test_days_until_budget_depleted_over_budget_returns_zero" time="0.001" /><testcase classname="tests.test_insights" name="test_savings_projection_reaches_goal" time="0.002" /><testcase classname="tests.test_insights" name="test_savings_projection_empty_goal" time="0.000" /><testcase classname="tests.test_insights" name="test_savings_projection_with_net_withdrawals_has_no_projection" time="0.002" /><testcase classname="tests.test_insights" name="test_savings_projection_nan_inputs_have_no_bogus_projection" time="0.001" /><testcase classname="tests.test_insights" name="test_savings_projection_excludes_opening_deposit_from_run_rate" time="0.002" /><testcase classname="tests.test_insights" name="test_savings_projection_two_rows_uses_second_deposit" time="0.002" /><testcase classname="tests.test_insights" name="test_savings_projection_single_deposit_matches_old_behavior" time="0.001" /><testcase classname="tests.test_launcher" name="test_first_launch_migrates_legacy_state_once" time="0.001"><error message="failed on setup with &quot;PermissionError: [WinError 5] Access is denied: 'C:\\Users\\Nikita\\Desktop\\gitProjects\\Expense-Tracker-Consumer-Edition\\data\\_pytest_tmp\\expense_tracker_tests_5d79013b\\pytest_runtime\\pytest-of-Nikita'&quot;">E   PermissionError: [WinError 5] Access is denied: 'C:\\Users\\Nikita\\Desktop\\gitProjects\\Expense-Tracker-Consumer-Edition\\data\\_pytest_tmp\\expense_tracker_tests_5d79013b\\pytest_runtime\\pytest-of-Nikita'</error></testcase><testcase classname="tests.test_layout_persistence" name="test_save_settings_persists_ui_layout_roundtrip" time="0.175" /><testcase classname="tests.test_layout_persistence" name="test_load_layout_returns_saved_state" time="0.174" /><testcase classname="tests.test_layout_persistence" name="test_load_layout_falls_back_to_default" time="0.172" /><testcase classname="tests.test_layout_persistence" name="test_get_dashboard_order_and_toggle" time="0.180" /><testcase classname="tests.test_llm" name="test_resolve_provider" time="0.001" /><testcase classname="tests.test_llm" name="test_local_provider_discovers_app_model" time="0.001"><error message="failed on setup with &quot;PermissionError: [WinError 5] Access is denied: 'C:\\Users\\Nikita\\Desktop\\gitProjects\\Expense-Tracker-Consumer-Edition\\data\\_pytest_tmp\\expense_tracker_tests_5d79013b\\pytest_runtime\\pytest-of-Nikita'&quot;">E   PermissionError: [WinError 5] Access is denied: 'C:\\Users\\Nikita\\Desktop\\gitProjects\\Expense-Tracker-Consumer-Edition\\data\\_pytest_tmp\\expense_tracker_tests_5d79013b\\pytest_runtime\\pytest-of-Nikita'</error></testcase><testcase classname="tests.test_llm" name="test_api_provider_happy_path" time="0.001" /><testcase classname="tests.test_llm" name="test_prompt_stats_are_sanitized" time="0.001" /><testcase classname="tests.test_llm" name="test_api_provider_failures_return_none" time="0.001" /><testcase classname="tests.test_llm" name="test_none_provider_never_touches_requests" time="0.000" /><testcase classname="tests.test_llm" name="test_local_provider_generates_via_model" time="0.000" /><testcase classname="tests.test_llm" name="test_local_provider_errors_return_none" time="0.001" /><testcase classname="tests.test_llm" name="test_local_model_preserves_zero_gpu_layers_and_reports_missing_file" time="0.001"><error message="failed on setup with &quot;PermissionError: [WinError 5] Access is denied: 'C:\\Users\\Nikita\\Desktop\\gitProjects\\Expense-Tracker-Consumer-Edition\\data\\_pytest_tmp\\expense_tracker_tests_5d79013b\\pytest_runtime\\pytest-of-Nikita'&quot;">E   PermissionError: [WinError 5] Access is denied: 'C:\\Users\\Nikita\\Desktop\\gitProjects\\Expense-Tracker-Consumer-Edition\\data\\_pytest_tmp\\expense_tracker_tests_5d79013b\\pytest_runtime\\pytest-of-Nikita'</error></testcase><testcase classname="tests.test_llm" name="test_local_model_retries_cpu_after_vulkan_load_failure" time="0.001"><error message="failed on setup with &quot;PermissionError: [WinError 5] Access is denied: 'C:\\Users\\Nikita\\Desktop\\gitProjects\\Expense-Tracker-Consumer-Edition\\data\\_pytest_tmp\\expense_tracker_tests_5d79013b\\pytest_runtime\\pytest-of-Nikita'&quot;">E   PermissionError: [WinError 5] Access is denied: 'C:\\Users\\Nikita\\Desktop\\gitProjects\\Expense-Tracker-Consumer-Edition\\data\\_pytest_tmp\\expense_tracker_tests_5d79013b\\pytest_runtime\\pytest-of-Nikita'</error></testcase><testcase classname="tests.test_llm" name="test_local_import_oserror_is_caught" time="0.001"><error message="failed on setup with &quot;PermissionError: [WinError 5] Access is denied: 'C:\\Users\\Nikita\\Desktop\\gitProjects\\Expense-Tracker-Consumer-Edition\\data\\_pytest_tmp\\expense_tracker_tests_5d79013b\\pytest_runtime\\pytest-of-Nikita'&quot;">E   PermissionError: [WinError 5] Access is denied: 'C:\\Users\\Nikita\\Desktop\\gitProjects\\Expense-Tracker-Consumer-Edition\\data\\_pytest_tmp\\expense_tracker_tests_5d79013b\\pytest_runtime\\pytest-of-Nikita'</error></testcase><testcase classname="tests.test_llm" name="test_local_import_importerror_message_source_vs_frozen" time="0.001"><error message="failed on setup with &quot;PermissionError: [WinError 5] Access is denied: 'C:\\Users\\Nikita\\Desktop\\gitProjects\\Expense-Tracker-Consumer-Edition\\data\\_pytest_tmp\\expense_tracker_tests_5d79013b\\pytest_runtime\\pytest-of-Nikita'&quot;">E   PermissionError: [WinError 5] Access is denied: 'C:\\Users\\Nikita\\Desktop\\gitProjects\\Expense-Tracker-Consumer-Edition\\data\\_pytest_tmp\\expense_tracker_tests_5d79013b\\pytest_runtime\\pytest-of-Nikita'</error></testcase><testcase classname="tests.test_llm" name="test_stale_diagnostic_cleared_on_successful_reload" time="0.001"><error message="failed on setup with &quot;PermissionError: [WinError 5] Access is denied: 'C:\\Users\\Nikita\\Desktop\\gitProjects\\Expense-Tracker-Consumer-Edition\\data\\_pytest_tmp\\expense_tracker_tests_5d79013b\\pytest_runtime\\pytest-of-Nikita'&quot;">E   PermissionError: [WinError 5] Access is denied: 'C:\\Users\\Nikita\\Desktop\\gitProjects\\Expense-Tracker-Consumer-Edition\\data\\_pytest_tmp\\expense_tracker_tests_5d79013b\\pytest_runtime\\pytest-of-Nikita'</error></testcase><testcase classname="tests.test_llm" name="test_local_cache_key_includes_gpu_layers" time="0.001"><error message="failed on setup with &quot;PermissionError: [WinError 5] Access is denied: 'C:\\Users\\Nikita\\Desktop\\gitProjects\\Expense-Tracker-Consumer-Edition\\data\\_pytest_tmp\\expense_tracker_tests_5d79013b\\pytest_runtime\\pytest-of-Nikita'&quot;">E   PermissionError: [WinError 5] Access is denied: 'C:\\Users\\Nikita\\Desktop\\gitProjects\\Expense-Tracker-Consumer-Edition\\data\\_pytest_tmp\\expense_tracker_tests_5d79013b\\pytest_runtime\\pytest-of-Nikita'</error></testcase><testcase classname="tests.test_llm" name="test_local_runtime_status" time="0.001"><error message="failed on setup with &quot;PermissionError: [WinError 5] Access is denied: 'C:\\Users\\Nikita\\Desktop\\gitProjects\\Expense-Tracker-Consumer-Edition\\data\\_pytest_tmp\\expense_tracker_tests_5d79013b\\pytest_runtime\\pytest-of-Nikita'&quot;">E   PermissionError: [WinError 5] Access is denied: 'C:\\Users\\Nikita\\Desktop\\gitProjects\\Expense-Tracker-Consumer-Edition\\data\\_pytest_tmp\\expense_tracker_tests_5d79013b\\pytest_runtime\\pytest-of-Nikita'</error></testcase><testcase classname="tests.test_llm" name="test_email_escapes_ai_paragraph" time="0.001" /><testcase classname="tests.test_llm" name="test_ai_settings_defaults_and_encrypted_key" time="0.176" /><testcase classname="tests.test_llm" name="test_answer_query_happy_path" time="0.182" /><testcase classname="tests.test_llm" name="test_answer_query_sanitizes_question_and_stored_text" time="0.185" /><testcase classname="tests.test_llm" name="test_answer_query_no_provider_returns_none" time="0.171" /><testcase classname="tests.test_llm" name="test_answer_query_failure_returns_none" time="0.176" /><testcase classname="tests.test_llm" name="test_answer_query_context_crash_returns_none" time="0.172" /><testcase classname="tests.test_llm" name="test_answer_query_includes_sanitized_history" time="0.181" /><testcase classname="tests.test_market_data" name="test_yahoo_parses_regular_market_price" time="0.000" /><testcase classname="tests.test_market_data" name="test_yahoo_falls_back_to_close_prices" time="0.000" /><testcase classname="tests.test_market_data" name="test_yahoo_returns_none_on_garbage" time="0.000" /><testcase classname="tests.test_market_data" name="test_stooq_parses_csv" time="0.000" /><testcase classname="tests.test_market_data" name="test_stooq_handles_n_d" time="0.000" /><testcase classname="tests.test_market_data" name="test_prices_are_stale" time="0.001" /><testcase classname="tests.test_mcp" name="test_month_bounds" time="0.000" /><testcase classname="tests.test_mcp" name="test_parse_date" time="0.000" /><testcase classname="tests.test_mcp" name="test_resolve_user_env_and_default" time="0.177" /><testcase classname="tests.test_mcp" name="test_summary_and_lists" time="0.203" /><testcase classname="tests.test_mcp" name="test_budgets_savings_bills_loans_milestones" time="0.183" /><testcase classname="tests.test_mcp" name="test_insights_with_budget" time="0.185" /><testcase classname="tests.test_mcp" name="test_insights_includes_narrative_with_provider" time="0.187" /><testcase classname="tests.test_mcp" name="test_insights_without_provider_keeps_structured_metrics" time="0.175" /><testcase classname="tests.test_mcp" name="test_insights_generation_failure_keeps_structured_metrics" time="0.177" /><testcase classname="tests.test_mcp" name="test_savings_goals_lists_term_deposits_with_real_fields" time="0.179" /><testcase classname="tests.test_mcp" name="test_add_expense_valid_and_invalid" time="0.187" /><testcase classname="tests.test_mcp" name="test_add_expense_converts_currency" time="0.184" /><testcase classname="tests.test_mcp" name="test_add_income_valid_and_invalid" time="0.183" /><testcase classname="tests.test_mcp" name="test_read_tools_return_errors_not_exceptions" time="0.173" /><testcase classname="tests.test_mcp" name="test_ask_data_tool" time="0.173" /><testcase classname="tests.test_ml_registry_feedback" name="test_model_registry_is_per_user_and_requires_explicit_activation" time="0.180" /><testcase classname="tests.test_ml_registry_feedback" name="test_ml_feedback_is_append_only_and_canonicalized" time="0.183" /><testcase classname="tests.test_ml_registry_feedback" name="test_record_ml_feedback_rejects_mutation_payload" time="0.174" /><testcase classname="tests.test_ml_registry_feedback" name="test_account_deletion_removes_ml_records" time="0.178" /><testcase classname="tests.test_notifications" name="test_persist_marker_reads_fresh_db_state" time="0.179" /><testcase classname="tests.test_notifications" name="test_marker_on_delivery_only_persists_on_success" time="0.175" /><testcase classname="tests.test_notifications" name="test_weekly_summary_sends_every_monday" time="0.176" /><testcase classname="tests.test_notifications" name="test_weekly_summary_uses_default_currency" time="0.175" /><testcase classname="tests.test_notifications" name="test_weekly_summary_failed_send_not_marked" time="0.171" /><testcase classname="tests.test_notifications" name="test_weekly_summary_session_guard_prevents_resend" time="0.173" /><testcase classname="tests.test_notifications" name="test_weekly_email_uses_user_currency" time="0.001" /><testcase classname="tests.test_notifications" name="test_email_builders_escape_user_text" time="0.001" /><testcase classname="tests.test_notifications" name="test_budget_alert_email_uses_display_currency" time="0.000" /><testcase classname="tests.test_notifications" name="test_email_subject_strips_newlines" time="0.009" /><testcase classname="tests.test_notifications" name="test_send_email_verifies_tls_certificates" time="0.009" /><testcase classname="tests.test_ocr" name="test_extract_amounts_european_format" time="0.000" /><testcase classname="tests.test_ocr" name="test_extract_amounts_us_format" time="0.000" /><testcase classname="tests.test_ocr" name="test_extract_amounts_plain_decimals" time="0.000" /><testcase classname="tests.test_ocr" name="test_extract_amounts_comma_decimal_without_thousands" time="0.000" /><testcase classname="tests.test_ocr" name="test_extract_amounts_serbian_pure_thousands" time="0.000" /><testcase classname="tests.test_ocr" name="test_extract_amounts_ignores_dates" time="0.000" /><testcase classname="tests.test_ocr" name="test_guess_total_prefers_total_line" time="0.000" /><testcase classname="tests.test_ocr" name="test_guess_total_falls_back_to_largest" time="0.000" /><testcase classname="tests.test_ocr" name="test_guess_merchant_skips_noise" time="0.000" /><testcase classname="tests.test_ocr" name="test_analyze_receipt_without_tesseract" time="0.018" /><testcase classname="tests.test_ocr" name="test_analyze_receipt_keyword_fallback" time="0.001" /><testcase classname="tests.test_ocr_benchmark" name="test_fixture_manifest_covers_requested_receipt_conditions" time="0.001" /><testcase classname="tests.test_ocr_benchmark" name="test_benchmark_reports_field_accuracy_and_uncertainty_metrics" time="0.000" /><testcase classname="tests.test_ocr_benchmark" name="test_benchmark_uses_real_ocr_document_shape" time="0.000" /><testcase classname="tests.test_ocr_documents" name="test_ocr_scanned_pdf_combines_page_text_and_structured_tokens" time="0.000" /><testcase classname="tests.test_ocr_documents" name="test_ocr_scanned_pdf_returns_empty_when_pages_cannot_render" time="0.000" /><testcase classname="tests.test_ocr_documents" name="test_pdf_renderer_rejects_unsafe_size_and_dpi" time="0.003" /><testcase classname="tests.test_ocr_documents" name="test_complex_parser_is_optional_and_has_stable_result_shape" time="0.000" /><testcase classname="tests.test_ocr_documents" name="test_complex_parser_normalizes_paddle_generator" time="0.001" /><testcase classname="tests.test_ocr_documents" name="test_tokens_to_text_groups_two_tokens_same_line_with_space" time="0.000" /><testcase classname="tests.test_ocr_documents" name="test_tokens_to_text_empty_document" time="0.000" /><testcase classname="tests.test_ocr_documents" name="test_to_compat_dict_merchant_fallback_sets_zero_conf_cand" time="0.001" /><testcase classname="tests.test_ocr_documents" name="test_extract_total_candidates_true_total_wins[31.12.2024 Total 120,00-120.0]" time="0.000" /><testcase classname="tests.test_ocr_documents" name="test_extract_total_candidates_true_total_wins[15.05.2024\nBread 120,00\nTOTAL 120,00-120.0]" time="0.000" /><testcase classname="tests.test_ocr_documents" name="test_extract_total_candidates_true_total_wins[01.05.2024\nTOTAL 120,00-120.0]" time="0.000" /><testcase classname="tests.test_ocr_documents" name="test_extract_total_candidates_true_total_wins[Total 190,00 Cash 200,00 Change 10,00-190.0]" time="0.000" /><testcase classname="tests.test_ocr_documents" name="test_extract_total_candidates_true_total_wins[Total 190,00 RSD Cash 200,00 Change 10,00-190.0]" time="0.000" /><testcase classname="tests.test_ocr_documents" name="test_extract_total_candidates_true_total_wins[Bread 250,00\nTOTAL 190,00 TAX 15,00-190.0]" time="0.000" /><testcase classname="tests.test_ocr_documents" name="test_extract_total_candidates_true_total_wins[TOTAL 120,00-120.0]" time="0.000" /><testcase classname="tests.test_ocr_documents" name="test_extract_total_candidates_true_total_wins[UKUPNO 120,00 RSD-120.0]" time="0.000" /><testcase classname="tests.test_ocr_documents" name="test_extract_total_candidates_true_total_wins[MARKET ABC\nBread 120,00\nMilk 80,00\nTOTAL 200,00-200.0]" time="0.000" /><testcase classname="tests.test_ocr_documents" name="test_extract_total_candidates_true_total_wins[Bread 120,00\nMilk 80,00-120.0]" time="0.000" /><testcase classname="tests.test_ocr_documents" name="test_extract_total_candidates_true_total_wins[UKUPNO 1.234-1234.0]" time="0.000" /><testcase classname="tests.test_ocr_documents" name="test_extract_total_candidates_true_total_wins[UKUPNO 5.000-5000.0]" time="0.000" /><testcase classname="tests.test_ocr_documents" name="test_extract_total_candidates_true_total_wins[Total 1.200-1200.0]" time="0.001" /><testcase classname="tests.test_ocr_documents" name="test_extract_total_candidates_no_date_phantoms[15.05.2024 Total 120,00]" time="0.001" /><testcase classname="tests.test_ocr_documents" name="test_extract_total_candidates_no_date_phantoms[01.05.2024\nBread 120,00\nTotal 120,00]" time="0.000" /><testcase classname="tests.test_ocr_documents" name="test_extract_total_candidates_thousands_not_truncated" time="0.000" /><testcase classname="tests.test_ocr_review" name="test_receipt_review_shows_uncertainty_and_reuses_result" time="0.293"><failure message="AssertionError: ElementList(_list=[Exception(message='Forms cannot be nested in other forms.', is_markdown=True, stack_trace=['File &quot;C...\\elements\\form.py&quot;, line 217, in form&#10;      raise StreamlitAPIException(&quot;Forms cannot be nested in other forms.&quot;)'])])&#10;assert not ElementList(_list=[Exception(message='Forms cannot be nested in other forms.', is_markdown=True, stack_trace=['File &quot;C...\\elements\\form.py&quot;, line 217, in form\n    raise StreamlitAPIException(&quot;Forms cannot be nested in other forms.&quot;)'])])&#10; +  where ElementList(_list=[Exception(message='Forms cannot be nested in other forms.', is_markdown=True, stack_trace=['File &quot;C...\\elements\\form.py&quot;, line 217, in form\n    raise StreamlitAPIException(&quot;Forms cannot be nested in other forms.&quot;)'])]) = AppTest(\n    _script_path='C:\\Users\\Nikita\\Desktop\\gitProjects\\Expense-Tracker-Consumer-Edition\\app.py',\n    def...CZK'], form_id='exp_form')\n            }\n        ),\n        2: SpecialBlock(\n            type='event'\n        )\n    }\n).exception">E   AssertionError: ElementList(_list=[Exception(message='Forms cannot be nested in other forms.', is_markdown=True, stack_trace=['File "C...\\elements\\form.py", line 217, in form
          raise StreamlitAPIException("Forms cannot be nested in other forms.")'])])
    assert not ElementList(_list=[Exception(message='Forms cannot be nested in other forms.', is_markdown=True, stack_trace=['File "C...\\elements\\form.py", line 217, in form\n    raise StreamlitAPIException("Forms cannot be nested in other forms.")'])])
     +  where ElementList(_list=[Exception(message='Forms cannot be nested in other forms.', is_markdown=True, stack_trace=['File "C...\\elements\\form.py", line 217, in form\n    raise StreamlitAPIException("Forms cannot be nested in other forms.")'])]) = AppTest(\n    _script_path='C:\\Users\\Nikita\\Desktop\\gitProjects\\Expense-Tracker-Consumer-Edition\\app.py',\n    def...CZK'], form_id='exp_form')\n            }\n        ),\n        2: SpecialBlock(\n            type='event'\n        )\n    }\n).exception</failure></testcase><testcase classname="tests.test_pdf_import" name="test_parse_text_lines_eu_dates_and_amounts" time="0.001" /><testcase classname="tests.test_pdf_import" name="test_parse_text_lines_comma_decimal_without_thousands" time="0.000" /><testcase classname="tests.test_pdf_import" name="test_parse_text_lines_skips_lines_without_date_or_amount" time="0.000" /><testcase classname="tests.test_pdf_import" name="test_parse_table_rows" time="0.000" /><testcase classname="tests.test_pdf_import" name="test_extract_transactions_from_pdf_tables_path" time="0.001" /><testcase classname="tests.test_pdf_import" name="test_extract_transactions_from_pdf_text_fallback" time="0.001" /><testcase classname="tests.test_pdf_import" name="test_parse_amount_token_serbian_thousands" time="0.000" /><testcase classname="tests.test_pdf_import" name="test_parse_amount_token_integer" time="0.000" /><testcase classname="tests.test_pdf_import" name="test_parse_amount_token_parenthesised_negative" time="0.000" /><testcase classname="tests.test_pdf_import" name="test_parse_amount_token_trailing_minus" time="0.000" /><testcase classname="tests.test_pdf_import" name="test_parse_amount_token_both_separators" time="0.000" /><testcase classname="tests.test_pdf_import" name="test_parse_amount_token_currency_symbols" time="0.000" /><testcase classname="tests.test_pdf_import" name="test_parse_amount_token_date_is_not_amount" time="0.000" /><testcase classname="tests.test_pdf_import" name="test_parse_date_token_iso_dot_and_slash" time="0.000" /><testcase classname="tests.test_pdf_import" name="test_parse_date_token_day_first_heuristic" time="0.000" /><testcase classname="tests.test_pdf_import" name="test_classify_columns_serbian_headers" time="0.000" /><testcase classname="tests.test_pdf_import" name="test_parse_table_rows_balance_column_ignored" time="0.000" /><testcase classname="tests.test_pdf_import" name="test_parse_table_rows_debit_negative_credit_positive" time="0.000" /><testcase classname="tests.test_pdf_import" name="test_parse_table_rows_headerless_balance_heuristic" time="0.000" /><testcase classname="tests.test_pdf_import" name="test_parse_table_rows_filters_zero_and_huge_amounts" time="0.000" /><testcase classname="tests.test_pdf_import" name="test_parse_text_lines_trailing_balance_uses_first_amount" time="0.000" /><testcase classname="tests.test_pdf_import" name="test_parse_text_lines_wrapped_description_continuation" time="0.000" /><testcase classname="tests.test_pdf_import" name="test_parse_text_lines_yyyy_mm_dd_date" time="0.000" /><testcase classname="tests.test_pdf_import" name="test_parse_text_lines_skips_noise_lines" time="0.000" /><testcase classname="tests.test_pdf_import" name="test_extract_transactions_from_pdf_borderless_table_fallback" time="0.001" /><testcase classname="tests.test_pdf_import" name="test_description_cell_with_number_is_not_an_amount" time="0.000" /><testcase classname="tests.test_pdf_import" name="test_headerless_description_cell_with_number_is_not_an_amount" time="0.000" /><testcase classname="tests.test_pdf_import" name="test_iso_date_is_not_parsed_as_amount" time="0.000" /><testcase classname="tests.test_pdf_import" name="test_two_digit_year_pivot" time="0.000" /><testcase classname="tests.test_pdf_import" name="test_transaction_split_across_lines_is_joined" time="0.000" /><testcase classname="tests.test_pdf_import" name="test_parse_table_rows_preserves_merchant_names[TOTAL ENERGY DRINK]" time="0.000" /><testcase classname="tests.test_pdf_import" name="test_parse_table_rows_preserves_merchant_names[IBAN CAFE]" time="0.000" /><testcase classname="tests.test_pdf_import" name="test_parse_table_rows_preserves_merchant_names[Opening Hours Pub]" time="0.000" /><testcase classname="tests.test_pdf_import" name="test_parse_table_rows_preserves_merchant_names[SUBTOTAL BAKERY]" time="0.001" /><testcase classname="tests.test_pdf_import" name="test_parse_table_rows_preserves_merchant_names[VAT SOLUTIONS]" time="0.000" /><testcase classname="tests.test_pdf_import" name="test_parse_table_rows_preserves_merchant_names[SWIFT FOOD]" time="0.000" /><testcase classname="tests.test_pdf_import" name="test_parse_text_lines_bare_page_number_does_not_complete_pending" time="0.000" /><testcase classname="tests.test_pdf_import" name="test_parse_text_lines_noise_line_does_not_lose_pending_transaction" time="0.000" /><testcase classname="tests.test_portfolio_snapshots" name="test_snapshot_records_quantity_rate_and_value" time="0.179" /><testcase classname="tests.test_portfolio_snapshots" name="test_snapshot_value_survives_later_quantity_change" time="0.184" /><testcase classname="tests.test_portfolio_snapshots" name="test_same_day_snapshot_updates_values" time="0.183" /><testcase classname="tests.test_portfolio_snapshots" name="test_legacy_rows_report_null_value_for_estimation" time="0.179" /><testcase classname="tests.test_portfolio_snapshots" name="test_migration_adds_snapshot_columns" time="0.019" /><testcase classname="tests.test_qr" name="test_qr_png_returns_png_bytes" time="0.002" /><testcase classname="tests.test_qr" name="test_qr_png_decodes_to_an_image" time="0.002" /><testcase classname="tests.test_rate_validation" name="test_get_rates_ignores_invalid_stored_values" time="0.000" /><testcase classname="tests.test_rate_validation" name="test_get_rates_ignores_invalid_legacy_rate" time="0.000" /><testcase classname="tests.test_rate_validation" name="test_to_eur_rejects_invalid_rates_instead_of_1_to_1" time="0.000" /><testcase classname="tests.test_rate_validation" name="test_to_display_rejects_invalid_rates" time="0.000" /><testcase classname="tests.test_rate_validation" name="test_missing_currency_still_defaults_to_1_to_1" time="0.000" /><testcase classname="tests.test_rate_validation" name="test_sanitized_rates_convert_cleanly" time="0.000" /><testcase classname="tests.test_rates" name="test_fetch_merges_frankfurter_and_er_api" time="0.000" /><testcase classname="tests.test_rates" name="test_fetch_skips_fallback_when_all_currencies_present" time="0.000" /><testcase classname="tests.test_rates" name="test_fetch_returns_none_when_all_providers_fail" time="0.001" /><testcase classname="tests.test_rates" name="test_fetch_returns_none_when_rates_are_garbage" time="0.000" /><testcase classname="tests.test_rates" name="test_rates_are_stale_logic" time="0.000" /><testcase classname="tests.test_recurring" name="test_due_reminder_day_basic" time="0.000" /><testcase classname="tests.test_recurring" name="test_due_reminder_day_never_wraps_below_one" time="0.000" /><testcase classname="tests.test_recurring" name="test_due_reminder_day_clamps_to_month_length" time="0.000" /><testcase classname="tests.test_recurring" name="test_unlogged_templates_matches_template_id" time="0.002" /><testcase classname="tests.test_recurring" name="test_unlogged_templates_actual_differs_from_expected_still_counts" time="0.002" /><testcase classname="tests.test_recurring" name="test_unlogged_templates_fallback_for_old_rows_without_template_id" time="0.002" /><testcase classname="tests.test_recurring" name="test_unlogged_templates_respects_month" time="0.002" /><testcase classname="tests.test_recurring" name="test_future_template_not_flagged_unlogged" time="0.172" /><testcase classname="tests.test_recurring" name="test_start_month_persists_and_updates" time="0.180" /><testcase classname="tests.test_recurring" name="test_recurring_sort_order_persists" time="0.179" /><testcase classname="tests.test_recurring" name="test_recurring_category_move_clears_invalid_subcategory" time="0.178" /><testcase classname="tests.test_recurring" name="test_editing_template_never_rewrites_past_logs" time="0.182" /><testcase classname="tests.test_recurring" name="test_filter_started_templates" time="0.001" /><testcase classname="tests.test_recurring" name="test_recurring_source_gates_persist_on_no_action" time="0.001" /><testcase classname="tests.test_recurring" name="test_persist_not_invoked_when_action_present" time="0.001"><failure message="PermissionError: [Errno 13] Permission denied: 'C:\\Users\\Nikita\\Desktop\\gitProjects\\Expense-Tracker-Consumer-Edition\\data\\_pytest_tmp\\expense_tracker_tests_5d79013b\\pytest_runtime\\tmp2g83a_vz\\23e5042eaf8da77667a2cb7bfbb9d357'">E   PermissionError: [Errno 13] Permission denied: 'C:\\Users\\Nikita\\Desktop\\gitProjects\\Expense-Tracker-Consumer-Edition\\data\\_pytest_tmp\\expense_tracker_tests_5d79013b\\pytest_runtime\\tmp2g83a_vz\\23e5042eaf8da77667a2cb7bfbb9d357'</failure></testcase><testcase classname="tests.test_recurring" name="test_persist_invoked_when_no_action" time="0.001"><failure message="PermissionError: [Errno 13] Permission denied: 'C:\\Users\\Nikita\\Desktop\\gitProjects\\Expense-Tracker-Consumer-Edition\\data\\_pytest_tmp\\expense_tracker_tests_5d79013b\\pytest_runtime\\tmp2g83a_vz\\23e5042eaf8da77667a2cb7bfbb9d357'">E   PermissionError: [Errno 13] Permission denied: 'C:\\Users\\Nikita\\Desktop\\gitProjects\\Expense-Tracker-Consumer-Edition\\data\\_pytest_tmp\\expense_tracker_tests_5d79013b\\pytest_runtime\\tmp2g83a_vz\\23e5042eaf8da77667a2cb7bfbb9d357'</failure></testcase><testcase classname="tests.test_savings" name="test_first_deposit_is_the_balance" time="0.002" /><testcase classname="tests.test_savings" name="test_tail_accrual_to_asof" time="0.002" /><testcase classname="tests.test_savings" name="test_interest_compounds_over_elapsed_months" time="0.002" /><testcase classname="tests.test_savings" name="test_two_deposits_in_same_month_get_no_interest" time="0.002" /><testcase classname="tests.test_savings" name="test_interest_uses_the_earlier_deposits_rate" time="0.002" /><testcase classname="tests.test_savings" name="test_goals_are_independent" time="0.003" /><testcase classname="tests.test_savings" name="test_recompute_handles_missing_dates_gracefully" time="0.002" /><testcase classname="tests.test_savings" name="test_withdrawal_reduces_balance_with_interest" time="0.002" /><testcase classname="tests.test_savings" name="test_withdrawal_cannot_push_balance_below_zero" time="0.002" /><testcase classname="tests.test_savings" name="test_negative_first_deposit_clamped_to_zero" time="0.002" /><testcase classname="tests.test_savings" name="test_goal_wide_update_applies_to_all_entries_and_recomputes" time="0.185" /><testcase classname="tests.test_savings" name="test_single_deposit_goal_accrues_to_today" time="0.176" /><testcase classname="tests.test_savings" name="test_rename_savings_goal_renames_entries_and_accounts" time="0.187" /><testcase classname="tests.test_savings" name="test_rename_savings_goal_rejects_existing_name" time="0.186" /><testcase classname="tests.test_savings" name="test_soft_delete_savings_goal_trashes_entries_and_accounts" time="0.186" /><testcase classname="tests.test_savings" name="test_savings_account_crud_update_and_restore" time="0.193" /><testcase classname="tests.test_savings" name="test_sync_supports_savings_accounts" time="0.203" /><testcase classname="tests.test_savings" name="test_sync_create_without_goal_name_fails_cleanly" time="0.263" /><testcase classname="tests.test_savings" name="test_sync_rejects_blank_goal_name_and_bad_status" time="0.192" /><testcase classname="tests.test_savings" name="test_keep_device_value_supports_savings_accounts" time="0.178" /><testcase classname="tests.test_service_smoke" name="test_get_expense_summary_shape" time="0.190" /><testcase classname="tests.test_service_smoke" name="test_list_expenses_shape_and_filter" time="0.190" /><testcase classname="tests.test_service_smoke" name="test_search_expenses_shape" time="0.187" /><testcase classname="tests.test_service_smoke" name="test_list_income_shape" time="0.185" /><testcase classname="tests.test_service_smoke" name="test_get_savings_summary_shape" time="0.185" /><testcase classname="tests.test_service_smoke" name="test_get_savings_summary_empty" time="0.355" /><testcase classname="tests.test_service_smoke" name="test_month_over_month_canonical" time="0.002" /><testcase classname="tests.test_service_smoke" name="test_top_category_this_month_canonical" time="0.002" /><testcase classname="tests.test_service_smoke" name="test_unusual_expenses_canonical" time="0.002" /><testcase classname="tests.test_service_smoke" name="test_days_until_budget_depleted_canonical" time="0.002" /><testcase classname="tests.test_service_smoke" name="test_savings_projection_canonical" time="0.002" /><testcase classname="tests.test_service_smoke" name="test_build_narrative_stats_canonical" time="0.003" /><testcase classname="tests.test_service_smoke" name="test_mcp_imports_canonical_module" time="0.000" /><testcase classname="tests.test_service_smoke" name="test_mcp_expense_summary_delegates_same_shape" time="0.194" /><testcase classname="tests.test_sync" name="test_parse_since" time="0.000" /><testcase classname="tests.test_sync" name="test_coerce_fields_dates" time="0.000" /><testcase classname="tests.test_sync" name="test_fields_differ" time="0.000" /><testcase classname="tests.test_sync" name="test_apply_changes_creates_new_record" time="0.179" /><testcase classname="tests.test_sync" name="test_apply_changes_updates_unchanged_record" time="0.183" /><testcase classname="tests.test_sync" name="test_snapshot_returns_newer_records" time="0.179" /><testcase classname="tests.test_sync" name="test_conflict_with_date_field_is_json_safe" time="0.183" /><testcase classname="tests.test_sync" name="test_pairing_flow_roundtrip" time="0.179" /><testcase classname="tests.test_sync" name="test_validate_rejects_unknown_fields" time="0.000" /><testcase classname="tests.test_sync" name="test_validate_rejects_protected_fields" time="0.000" /><testcase classname="tests.test_sync" name="test_validate_rejects_bad_types_and_values" time="0.000" /><testcase classname="tests.test_sync" name="test_validate_rejects_unknown_category_and_subcategory" time="0.000" /><testcase classname="tests.test_sync" name="test_validate_rejects_oversized_strings" time="0.000" /><testcase classname="tests.test_sync" name="test_validate_coerces_valid_values" time="0.000" /><testcase classname="tests.test_sync" name="test_validate_rewrites_legacy_names" time="0.000" /><testcase classname="tests.test_sync" name="test_validate_rewrites_legacy_whole_category" time="0.000" /><testcase classname="tests.test_sync" name="test_apply_changes_accepts_legacy_names" time="0.345" /><testcase classname="tests.test_sync" name="test_cross_user_ids_do_not_block_or_leak" time="0.351" /><testcase classname="tests.test_sync" name="test_update_is_scoped_to_owner" time="0.351" /><testcase classname="tests.test_sync" name="test_conflict_not_applied_and_recorded" time="0.355" /><testcase classname="tests.test_sync" name="test_failed_changes_reported" time="0.341" /><testcase classname="tests.test_sync" name="test_snapshot_truncation_flag" time="0.358" /><testcase classname="tests.test_sync" name="test_validate_accepts_valid_income_type" time="0.000" /><testcase classname="tests.test_sync" name="test_validate_rejects_unknown_income_type" time="0.000" /><testcase classname="tests.test_sync" name="test_apply_changes_bad_income_type_lands_in_failed" time="0.356" /><testcase classname="tests.test_sync_resurrection" name="test_resurrection_after_deletion_conflict" time="0.191" /><testcase classname="tests.test_sync_resurrection" name="test_resurrection_before_deletion_conflict" time="0.188" /><testcase classname="tests.test_sync_resurrection" name="test_reaffirm_delete_applies" time="0.185" /><testcase classname="tests.test_sync_resurrection" name="test_live_row_update_unaffected" time="0.178" /><testcase classname="tests.test_sync_resurrection" name="test_snapshot_includes_tombstone" time="0.177" /><testcase classname="tests.test_taxonomy_migration" name="test_migration_maps_pairs_exactly" time="0.370" /><testcase classname="tests.test_taxonomy_migration" name="test_migration_is_idempotent" time="0.189" /><testcase classname="tests.test_taxonomy_migration" name="test_migration_rewrites_settings_fun_travel_categories" time="0.190" /><testcase classname="tests.test_taxonomy_migration" name="test_migration_rewrites_recurring_and_big_purchases" time="0.194" /></testsuite></testsuites>